2021-08-24 13:58:16.659 [,] [main] INFO  c.qian.HeartDataApp - [logStarting,48] - Starting HeartDataApp on 192.168.0.100 with PID 6751 (/Users/qianhao/Jason/Software/Git/HeartData/HeartDataServer/target/classes started by qianhao in /Users/qianhao/Jason/Software/Git/HeartData/HeartDataServer)
2021-08-24 13:58:16.672 [,] [main] INFO  c.qian.HeartDataApp - [logStartupProfileInfo,637] - No active profile set, falling back to default profiles: default
2021-08-24 13:58:17.222 [,] [background-preinit] INFO  o.h.v.i.util.Version - [<clinit>,30] - HV000001: Hibernate Validator 5.3.4.Final
2021-08-24 13:58:18.172 [,] [main] INFO  o.a.c.c.StandardService - [log,179] - Starting service Tomcat
2021-08-24 13:58:18.174 [,] [main] INFO  o.a.c.c.StandardEngine - [log,179] - Starting Servlet Engine: Apache Tomcat/8.5.11
2021-08-24 13:58:18.269 [,] [localhost-startStop-1] INFO  o.a.c.c.C.[.[.[/] - [log,179] - Initializing Spring embedded WebApplicationContext
2021-08-24 13:58:19.489 [,] [main] INFO  o.a.c.h.Http11NioProtocol - [log,179] - Initializing ProtocolHandler ["http-nio-80"]
2021-08-24 13:58:19.502 [,] [main] INFO  o.a.c.h.Http11NioProtocol - [log,179] - Starting ProtocolHandler [http-nio-80]
2021-08-24 13:58:19.615 [,] [main] INFO  o.a.t.u.n.NioSelectorPool - [log,179] - Using a shared selector for servlet write/read
2021-08-24 13:58:19.637 [,] [main] INFO  c.qian.HeartDataApp - [logStarted,57] - Started HeartDataApp in 3.394 seconds (JVM running for 4.166)
2021-08-24 13:58:57.339 [,] [http-nio-80-exec-1] INFO  o.a.c.c.C.[.[.[/] - [log,179] - Initializing Spring FrameworkServlet 'dispatcherServlet'
2021-08-24 13:58:58.304 [,] [http-nio-80-exec-1] INFO  c.q.s.WxUserService - [getId,64] - WxUserService/getId, 查询ID成功,1
2021-08-24 13:58:58.438 [,] [http-nio-80-exec-1] INFO  c.q.s.ReportService - [getMonthReport,148] - ReportService/getMonthReport, 获取详细月健康报告成功{"data":[{"month":[{"imgurl":"/static/imgs/reports/riqi8.png","dayLists":[{"d":1,"healthIndex":9,"id":1,"imgurl":"/static/imgs/reports/riqi1.png","m":8,"pepoleId":1,"used":true,"y":2021},{"d":2,"healthIndex":9,"id":2,"imgurl":"/static/imgs/reports/riqi2.png","m":8,"pepoleId":1,"used":true,"y":2021},{"d":3,"healthIndex":9,"id":3,"imgurl":"/static/imgs/reports/riqi3.png","m":8,"pepoleId":1,"used":true,"y":2021},{"d":4,"healthIndex":7,"id":4,"imgurl":"/static/imgs/reports/riqi4.png","m":8,"pepoleId":1,"used":false,"y":2021},{"d":5,"healthIndex":9,"id":5,"imgurl":"/static/imgs/reports/riqi5.png","m":8,"pepoleId":1,"used":true,"y":2021},{"d":6,"healthIndex":8,"id":6,"imgurl":"/static/imgs/reports/riqi6.png","m":8,"pepoleId":1,"used":true,"y":2021},{"d":7,"healthIndex":9,"id":7,"imgurl":"/static/imgs/reports/riqi7.png","m":8,"pepoleId":1,"used":false,"y":2021},{"d":8,"healthIndex":9,"id":8,"imgurl":"/static/imgs/reports/riqi8.png","m":8,"pepoleId":1,"used":true,"y":2021},{"d":9,"healthIndex":9,"id":9,"imgurl":"/static/imgs/reports/riqi9.png","m":8,"pepoleId":1,"used":true,"y":2021},{"d":10,"healthIndex":9,"id":10,"imgurl":"/static/imgs/reports/riqi10.png","m":8,"pepoleId":1,"used":false,"y":2021},{"d":11,"healthIndex":9,"id":11,"imgurl":"/static/imgs/reports/riqi11.png","m":8,"pepoleId":1,"used":true,"y":2021},{"d":12,"healthIndex":9,"id":12,"imgurl":"/static/imgs/reports/riqi12.png","m":8,"pepoleId":1,"used":true,"y":2021},{"d":13,"healthIndex":9,"id":13,"imgurl":"/static/imgs/reports/riqi13.png","m":8,"pepoleId":1,"used":true,"y":2021},{"d":14,"healthIndex":9,"id":14,"imgurl":"/static/imgs/reports/riqi14.png","m":8,"pepoleId":1,"used":true,"y":2021},{"d":15,"healthIndex":10,"id":15,"imgurl":"/static/imgs/reports/riqi15.png","m":8,"pepoleId":1,"used":true,"y":2021},{"d":16,"healthIndex":9,"id":16,"imgurl":"/static/imgs/reports/riqi16.png","m":8,"pepoleId":1,"used":false,"y":2021}],"description":"08月报告，良好","title":"08月报告","analysis":{"HealthIndex":8.3},"m":8}],"year":"2021"}]}
2021-08-24 13:58:58.439 [,] [http-nio-80-exec-1] INFO  c.q.c.ReportController - [getMonthReport,87] - ReportController/getMonthReport, 报告获取成功
2021-08-24 13:59:08.183 [,] [http-nio-80-exec-3] INFO  c.q.c.FileController - [recieveFile,33] - FileController/recieveFile, 数据传输失败
java.lang.ArrayIndexOutOfBoundsException: 1
	at com.qian.service.FileService.getEntityFromFile(FileService.java:72)
	at com.qian.service.FileService.addFile(FileService.java:40)
	at com.qian.service.FileService$$FastClassBySpringCGLIB$$1e84064.invoke(<generated>)
	at org.springframework.cglib.proxy.MethodProxy.invoke(MethodProxy.java:204)
	at org.springframework.aop.framework.CglibAopProxy$CglibMethodInvocation.invokeJoinpoint(CglibAopProxy.java:721)
	at org.springframework.aop.framework.ReflectiveMethodInvocation.proceed(ReflectiveMethodInvocation.java:157)
	at org.springframework.transaction.interceptor.TransactionInterceptor$1.proceedWithInvocation(TransactionInterceptor.java:99)
	at org.springframework.transaction.interceptor.TransactionAspectSupport.invokeWithinTransaction(TransactionAspectSupport.java:282)
	at org.springframework.transaction.interceptor.TransactionInterceptor.invoke(TransactionInterceptor.java:96)
	at org.springframework.aop.framework.ReflectiveMethodInvocation.proceed(ReflectiveMethodInvocation.java:179)
	at org.springframework.aop.framework.CglibAopProxy$DynamicAdvisedInterceptor.intercept(CglibAopProxy.java:656)
	at com.qian.service.FileService$$EnhancerBySpringCGLIB$$6d7e3b85.addFile(<generated>)
	at com.qian.controller.FileController.recieveFile(FileController.java:28)
	at sun.reflect.NativeMethodAccessorImpl.invoke0(Native Method)
	at sun.reflect.NativeMethodAccessorImpl.invoke(NativeMethodAccessorImpl.java:62)
	at sun.reflect.DelegatingMethodAccessorImpl.invoke(DelegatingMethodAccessorImpl.java:43)
	at java.lang.reflect.Method.invoke(Method.java:498)
	at org.springframework.web.method.support.InvocableHandlerMethod.doInvoke(InvocableHandlerMethod.java:205)
	at org.springframework.web.method.support.InvocableHandlerMethod.invokeForRequest(InvocableHandlerMethod.java:133)
	at org.springframework.web.servlet.mvc.method.annotation.ServletInvocableHandlerMethod.invokeAndHandle(ServletInvocableHandlerMethod.java:116)
	at org.springframework.web.servlet.mvc.method.annotation.RequestMappingHandlerAdapter.invokeHandlerMethod(RequestMappingHandlerAdapter.java:827)
	at org.springframework.web.servlet.mvc.method.annotation.RequestMappingHandlerAdapter.handleInternal(RequestMappingHandlerAdapter.java:738)
	at org.springframework.web.servlet.mvc.method.AbstractHandlerMethodAdapter.handle(AbstractHandlerMethodAdapter.java:85)
	at org.springframework.web.servlet.DispatcherServlet.doDispatch(DispatcherServlet.java:963)
	at org.springframework.web.servlet.DispatcherServlet.doService(DispatcherServlet.java:897)
	at org.springframework.web.servlet.FrameworkServlet.processRequest(FrameworkServlet.java:970)
	at org.springframework.web.servlet.FrameworkServlet.doPost(FrameworkServlet.java:872)
	at javax.servlet.http.HttpServlet.service(HttpServlet.java:648)
	at org.springframework.web.servlet.FrameworkServlet.service(FrameworkServlet.java:846)
	at javax.servlet.http.HttpServlet.service(HttpServlet.java:729)
	at org.apache.catalina.core.ApplicationFilterChain.internalDoFilter(ApplicationFilterChain.java:230)
	at org.apache.catalina.core.ApplicationFilterChain.doFilter(ApplicationFilterChain.java:165)
	at org.apache.tomcat.websocket.server.WsFilter.doFilter(WsFilter.java:52)
	at org.apache.catalina.core.ApplicationFilterChain.internalDoFilter(ApplicationFilterChain.java:192)
	at org.apache.catalina.core.ApplicationFilterChain.doFilter(ApplicationFilterChain.java:165)
	at org.springframework.web.filter.RequestContextFilter.doFilterInternal(RequestContextFilter.java:99)
	at org.springframework.web.filter.OncePerRequestFilter.doFilter(OncePerRequestFilter.java:107)
	at org.apache.catalina.core.ApplicationFilterChain.internalDoFilter(ApplicationFilterChain.java:192)
	at org.apache.catalina.core.ApplicationFilterChain.doFilter(ApplicationFilterChain.java:165)
	at org.springframework.web.filter.HttpPutFormContentFilter.doFilterInternal(HttpPutFormContentFilter.java:105)
	at org.springframework.web.filter.OncePerRequestFilter.doFilter(OncePerRequestFilter.java:107)
	at org.apache.catalina.core.ApplicationFilterChain.internalDoFilter(ApplicationFilterChain.java:192)
	at org.apache.catalina.core.ApplicationFilterChain.doFilter(ApplicationFilterChain.java:165)
	at org.springframework.web.filter.HiddenHttpMethodFilter.doFilterInternal(HiddenHttpMethodFilter.java:81)
	at org.springframework.web.filter.OncePerRequestFilter.doFilter(OncePerRequestFilter.java:107)
	at org.apache.catalina.core.ApplicationFilterChain.internalDoFilter(ApplicationFilterChain.java:192)
	at org.apache.catalina.core.ApplicationFilterChain.doFilter(ApplicationFilterChain.java:165)
	at org.springframework.web.filter.CharacterEncodingFilter.doFilterInternal(CharacterEncodingFilter.java:197)
	at org.springframework.web.filter.OncePerRequestFilter.doFilter(OncePerRequestFilter.java:107)
	at org.apache.catalina.core.ApplicationFilterChain.internalDoFilter(ApplicationFilterChain.java:192)
	at org.apache.catalina.core.ApplicationFilterChain.doFilter(ApplicationFilterChain.java:165)
	at org.apache.catalina.core.StandardWrapperValve.invoke(StandardWrapperValve.java:198)
	at org.apache.catalina.core.StandardContextValve.invoke(StandardContextValve.java:96)
	at org.apache.catalina.authenticator.AuthenticatorBase.invoke(AuthenticatorBase.java:474)
	at org.apache.catalina.core.StandardHostValve.invoke(StandardHostValve.java:140)
	at org.apache.catalina.valves.ErrorReportValve.invoke(ErrorReportValve.java:79)
	at org.apache.catalina.core.StandardEngineValve.invoke(StandardEngineValve.java:87)
	at org.apache.catalina.connector.CoyoteAdapter.service(CoyoteAdapter.java:349)
	at org.apache.coyote.http11.Http11Processor.service(Http11Processor.java:783)
	at org.apache.coyote.AbstractProcessorLight.process(AbstractProcessorLight.java:66)
	at org.apache.coyote.AbstractProtocol$ConnectionHandler.process(AbstractProtocol.java:798)
	at org.apache.tomcat.util.net.NioEndpoint$SocketProcessor.doRun(NioEndpoint.java:1434)
	at org.apache.tomcat.util.net.SocketProcessorBase.run(SocketProcessorBase.java:49)
	at java.util.concurrent.ThreadPoolExecutor.runWorker(ThreadPoolExecutor.java:1149)
	at java.util.concurrent.ThreadPoolExecutor$Worker.run(ThreadPoolExecutor.java:624)
	at org.apache.tomcat.util.threads.TaskThread$WrappingRunnable.run(TaskThread.java:61)
	at java.lang.Thread.run(Thread.java:748)
2021-08-24 14:01:00.129 [,] [http-nio-80-exec-8] INFO  c.q.s.FileService - [isExist,95] - 创建文件夹: ../test/heartFils/1/2020/11/01
2021-08-24 14:01:00.148 [,] [http-nio-80-exec-8] INFO  c.q.c.FileController - [recieveFile,29] - FileController/recieveFile, 数据传输成功
