2021-08-25 16:03:57.713 [,] [main] INFO  c.qian.HeartDataApp - [logStarting,48] - Starting HeartDataApp on 192.168.0.100 with PID 8958 (/Users/qianhao/Jason/Software/Git/HeartData/HeartDataServer/target/classes started by qianhao in /Users/qianhao/Jason/Software/Git/HeartData/HeartDataServer)
2021-08-25 16:03:57.722 [,] [main] INFO  c.qian.HeartDataApp - [logStartupProfileInfo,637] - No active profile set, falling back to default profiles: default
2021-08-25 16:03:58.148 [,] [background-preinit] INFO  o.h.v.i.util.Version - [<clinit>,30] - HV000001: Hibernate Validator 5.3.4.Final
2021-08-25 16:03:59.350 [,] [main] INFO  o.a.c.c.StandardService - [log,179] - Starting service Tomcat
2021-08-25 16:03:59.352 [,] [main] INFO  o.a.c.c.StandardEngine - [log,179] - Starting Servlet Engine: Apache Tomcat/8.5.11
2021-08-25 16:03:59.454 [,] [localhost-startStop-1] INFO  o.a.c.c.C.[.[.[/] - [log,179] - Initializing Spring embedded WebApplicationContext
2021-08-25 16:04:00.703 [,] [main] INFO  o.a.c.h.Http11NioProtocol - [log,179] - Initializing ProtocolHandler ["http-nio-80"]
2021-08-25 16:04:00.713 [,] [main] INFO  o.a.c.h.Http11NioProtocol - [log,179] - Starting ProtocolHandler [http-nio-80]
2021-08-25 16:04:00.803 [,] [main] INFO  o.a.t.u.n.NioSelectorPool - [log,179] - Using a shared selector for servlet write/read
2021-08-25 16:04:00.824 [,] [main] INFO  c.qian.HeartDataApp - [logStarted,57] - Started HeartDataApp in 3.493 seconds (JVM running for 4.039)
2021-08-25 16:04:07.222 [,] [http-nio-80-exec-1] INFO  o.a.c.c.C.[.[.[/] - [log,179] - Initializing Spring FrameworkServlet 'dispatcherServlet'
2021-08-25 16:04:07.948 [,] [http-nio-80-exec-1] INFO  c.q.c.WxUserController - [wxLogin,43] - UserController/wxLogin, 微信用户接口返回openid：otqoY47Fx98BL1vPWOh_03tRZfJI
2021-08-25 16:04:08.372 [,] [http-nio-80-exec-1] INFO  c.q.c.WxUserController - [wxLogin,63] - UserController/wxLogin, 登陆/注册成功返回peopleid
2021-08-25 16:06:42.094 [,] [http-nio-80-exec-3] INFO  c.q.c.WxUserController - [wxLogin,43] - UserController/wxLogin, 微信用户接口返回openid：otqoY47Fx98BL1vPWOh_03tRZfJI
2021-08-25 16:06:42.099 [,] [http-nio-80-exec-3] INFO  c.q.c.WxUserController - [wxLogin,63] - UserController/wxLogin, 登陆/注册成功返回peopleid
2021-08-25 16:07:49.086 [,] [http-nio-80-exec-5] INFO  c.q.c.WxUserController - [wxLogin,43] - UserController/wxLogin, 微信用户接口返回openid：otqoY47Fx98BL1vPWOh_03tRZfJI
2021-08-25 16:07:49.091 [,] [http-nio-80-exec-5] INFO  c.q.c.WxUserController - [wxLogin,63] - UserController/wxLogin, 登陆/注册成功返回peopleid
2021-08-25 16:09:44.419 [,] [http-nio-80-exec-7] INFO  c.q.c.WxUserController - [wxLogin,43] - UserController/wxLogin, 微信用户接口返回openid：otqoY47Fx98BL1vPWOh_03tRZfJI
2021-08-25 16:09:44.425 [,] [http-nio-80-exec-7] INFO  c.q.c.WxUserController - [wxLogin,63] - UserController/wxLogin, 登陆/注册成功返回peopleid
2021-08-25 16:10:17.150 [,] [http-nio-80-exec-8] INFO  c.q.c.WxUserController - [wxLogin,43] - UserController/wxLogin, 微信用户接口返回openid：otqoY47Fx98BL1vPWOh_03tRZfJI
2021-08-25 16:10:17.154 [,] [http-nio-80-exec-8] INFO  c.q.c.WxUserController - [wxLogin,63] - UserController/wxLogin, 登陆/注册成功返回peopleid
2021-08-25 16:10:24.120 [,] [http-nio-80-exec-10] INFO  c.q.c.WxUserController - [wxLogin,43] - UserController/wxLogin, 微信用户接口返回openid：otqoY47Fx98BL1vPWOh_03tRZfJI
2021-08-25 16:10:24.123 [,] [http-nio-80-exec-10] INFO  c.q.c.WxUserController - [wxLogin,63] - UserController/wxLogin, 登陆/注册成功返回peopleid
2021-08-25 16:10:46.314 [,] [http-nio-80-exec-1] INFO  c.q.c.WxUserController - [wxLogin,43] - UserController/wxLogin, 微信用户接口返回openid：otqoY47Fx98BL1vPWOh_03tRZfJI
2021-08-25 16:10:46.319 [,] [http-nio-80-exec-1] INFO  c.q.c.WxUserController - [wxLogin,63] - UserController/wxLogin, 登陆/注册成功返回peopleid
2021-08-25 16:12:03.344 [,] [http-nio-80-exec-3] INFO  c.q.c.WxUserController - [wxLogin,43] - UserController/wxLogin, 微信用户接口返回openid：otqoY47Fx98BL1vPWOh_03tRZfJI
2021-08-25 16:12:03.349 [,] [http-nio-80-exec-3] INFO  c.q.c.WxUserController - [wxLogin,63] - UserController/wxLogin, 登陆/注册成功返回peopleid
2021-08-25 16:12:20.793 [,] [http-nio-80-exec-4] INFO  c.q.c.WxUserController - [wxLogin,43] - UserController/wxLogin, 微信用户接口返回openid：otqoY47Fx98BL1vPWOh_03tRZfJI
2021-08-25 16:12:20.796 [,] [http-nio-80-exec-4] INFO  c.q.c.WxUserController - [wxLogin,63] - UserController/wxLogin, 登陆/注册成功返回peopleid
2021-08-25 16:13:23.001 [,] [http-nio-80-exec-6] INFO  c.q.c.WxUserController - [wxLogin,43] - UserController/wxLogin, 微信用户接口返回openid：otqoY47Fx98BL1vPWOh_03tRZfJI
2021-08-25 16:13:23.003 [,] [http-nio-80-exec-6] INFO  c.q.c.WxUserController - [wxLogin,63] - UserController/wxLogin, 登陆/注册成功返回peopleid
2021-08-25 16:14:46.217 [,] [main] INFO  c.qian.HeartDataApp - [logStarting,48] - Starting HeartDataApp on 192.168.0.100 with PID 9079 (/Users/qianhao/Jason/Software/Git/HeartData/HeartDataServer/target/classes started by qianhao in /Users/qianhao/Jason/Software/Git/HeartData/HeartDataServer)
2021-08-25 16:14:46.220 [,] [main] INFO  c.qian.HeartDataApp - [logStartupProfileInfo,637] - No active profile set, falling back to default profiles: default
2021-08-25 16:14:46.594 [,] [background-preinit] INFO  o.h.v.i.util.Version - [<clinit>,30] - HV000001: Hibernate Validator 5.3.4.Final
2021-08-25 16:14:47.443 [,] [main] INFO  o.a.c.c.StandardService - [log,179] - Starting service Tomcat
2021-08-25 16:14:47.445 [,] [main] INFO  o.a.c.c.StandardEngine - [log,179] - Starting Servlet Engine: Apache Tomcat/8.5.11
2021-08-25 16:14:47.526 [,] [localhost-startStop-1] INFO  o.a.c.c.C.[.[.[/] - [log,179] - Initializing Spring embedded WebApplicationContext
2021-08-25 16:14:48.629 [,] [main] INFO  o.a.c.h.Http11NioProtocol - [log,179] - Initializing ProtocolHandler ["http-nio-80"]
2021-08-25 16:14:48.638 [,] [main] INFO  o.a.c.h.Http11NioProtocol - [log,179] - Starting ProtocolHandler [http-nio-80]
2021-08-25 16:14:48.657 [,] [main] INFO  o.a.t.u.n.NioSelectorPool - [log,179] - Using a shared selector for servlet write/read
2021-08-25 16:14:48.750 [,] [main] INFO  c.qian.HeartDataApp - [logStarted,57] - Started HeartDataApp in 2.795 seconds (JVM running for 3.198)
2021-08-25 16:15:12.687 [,] [http-nio-80-exec-1] INFO  o.a.c.c.C.[.[.[/] - [log,179] - Initializing Spring FrameworkServlet 'dispatcherServlet'
2021-08-25 16:15:13.427 [,] [http-nio-80-exec-1] INFO  c.q.c.WxUserController - [wxLogin,43] - UserController/wxLogin, 微信用户接口返回openid：otqoY47Fx98BL1vPWOh_03tRZfJI
2021-08-25 16:15:13.809 [,] [http-nio-80-exec-1] INFO  c.q.c.WxUserController - [wxLogin,63] - UserController/wxLogin, 登陆/注册成功返回peopleid
2021-08-25 16:15:35.183 [,] [main] INFO  c.qian.HeartDataApp - [logStarting,48] - Starting HeartDataApp on 192.168.0.100 with PID 9091 (/Users/qianhao/Jason/Software/Git/HeartData/HeartDataServer/target/classes started by qianhao in /Users/qianhao/Jason/Software/Git/HeartData/HeartDataServer)
2021-08-25 16:15:35.186 [,] [main] INFO  c.qian.HeartDataApp - [logStartupProfileInfo,637] - No active profile set, falling back to default profiles: default
2021-08-25 16:15:35.546 [,] [background-preinit] INFO  o.h.v.i.util.Version - [<clinit>,30] - HV000001: Hibernate Validator 5.3.4.Final
2021-08-25 16:15:36.383 [,] [main] INFO  o.a.c.c.StandardService - [log,179] - Starting service Tomcat
2021-08-25 16:15:36.385 [,] [main] INFO  o.a.c.c.StandardEngine - [log,179] - Starting Servlet Engine: Apache Tomcat/8.5.11
2021-08-25 16:15:36.476 [,] [localhost-startStop-1] INFO  o.a.c.c.C.[.[.[/] - [log,179] - Initializing Spring embedded WebApplicationContext
2021-08-25 16:15:37.639 [,] [main] INFO  o.a.c.h.Http11NioProtocol - [log,179] - Initializing ProtocolHandler ["http-nio-80"]
2021-08-25 16:15:37.649 [,] [main] INFO  o.a.c.h.Http11NioProtocol - [log,179] - Starting ProtocolHandler [http-nio-80]
2021-08-25 16:15:37.668 [,] [main] INFO  o.a.t.u.n.NioSelectorPool - [log,179] - Using a shared selector for servlet write/read
2021-08-25 16:15:37.755 [,] [main] INFO  c.qian.HeartDataApp - [logStarted,57] - Started HeartDataApp in 2.841 seconds (JVM running for 3.245)
2021-08-25 16:16:01.464 [,] [main] INFO  c.qian.HeartDataApp - [logStarting,48] - Starting HeartDataApp on 192.168.0.100 with PID 9101 (/Users/qianhao/Jason/Software/Git/HeartData/HeartDataServer/target/classes started by qianhao in /Users/qianhao/Jason/Software/Git/HeartData/HeartDataServer)
2021-08-25 16:16:01.467 [,] [main] INFO  c.qian.HeartDataApp - [logStartupProfileInfo,637] - No active profile set, falling back to default profiles: default
2021-08-25 16:16:01.843 [,] [background-preinit] INFO  o.h.v.i.util.Version - [<clinit>,30] - HV000001: Hibernate Validator 5.3.4.Final
2021-08-25 16:16:02.717 [,] [main] INFO  o.a.c.c.StandardService - [log,179] - Starting service Tomcat
2021-08-25 16:16:02.719 [,] [main] INFO  o.a.c.c.StandardEngine - [log,179] - Starting Servlet Engine: Apache Tomcat/8.5.11
2021-08-25 16:16:02.805 [,] [localhost-startStop-1] INFO  o.a.c.c.C.[.[.[/] - [log,179] - Initializing Spring embedded WebApplicationContext
2021-08-25 16:16:03.950 [,] [main] INFO  o.a.c.h.Http11NioProtocol - [log,179] - Initializing ProtocolHandler ["http-nio-80"]
2021-08-25 16:16:03.961 [,] [main] INFO  o.a.c.h.Http11NioProtocol - [log,179] - Starting ProtocolHandler [http-nio-80]
2021-08-25 16:16:04.051 [,] [main] INFO  o.a.t.u.n.NioSelectorPool - [log,179] - Using a shared selector for servlet write/read
2021-08-25 16:16:04.068 [,] [main] INFO  c.qian.HeartDataApp - [logStarted,57] - Started HeartDataApp in 2.872 seconds (JVM running for 3.28)
2021-08-25 16:16:14.116 [,] [http-nio-80-exec-1] INFO  o.a.c.c.C.[.[.[/] - [log,179] - Initializing Spring FrameworkServlet 'dispatcherServlet'
2021-08-25 16:16:14.805 [,] [http-nio-80-exec-1] INFO  c.q.c.WxUserController - [wxLogin,43] - UserController/wxLogin, 微信用户接口返回openid：otqoY47Fx98BL1vPWOh_03tRZfJI
2021-08-25 16:16:15.183 [,] [http-nio-80-exec-1] INFO  c.q.c.WxUserController - [wxLogin,63] - UserController/wxLogin, 登陆/注册成功返回peopleid
2021-08-25 16:16:16.234 [,] [http-nio-80-exec-2] INFO  c.q.s.FileService - [isExist,139] - FileService/isExist, 创建文件夹: ../test/heartFils/0_2021-08-25_16_16_16_.txt
2021-08-25 16:16:16.238 [,] [http-nio-80-exec-2] INFO  c.q.s.FileService - [saveData,87] - FileService/saveData, 写入文件失败
java.io.FileNotFoundException: ../test/heartFils/0_2021-08-25_16_16_16_.txt (Is a directory)
	at java.io.FileOutputStream.open0(Native Method)
	at java.io.FileOutputStream.open(FileOutputStream.java:270)
	at java.io.FileOutputStream.<init>(FileOutputStream.java:213)
	at java.io.FileOutputStream.<init>(FileOutputStream.java:133)
	at com.qian.service.FileService.saveData(FileService.java:82)
	at com.qian.service.FileService$$FastClassBySpringCGLIB$$1e84064.invoke(<generated>)
	at org.springframework.cglib.proxy.MethodProxy.invoke(MethodProxy.java:204)
	at org.springframework.aop.framework.CglibAopProxy$DynamicAdvisedInterceptor.intercept(CglibAopProxy.java:652)
	at com.qian.service.FileService$$EnhancerBySpringCGLIB$$b3433037.saveData(<generated>)
	at com.qian.controller.FileController.recieveData(FileController.java:45)
	at sun.reflect.NativeMethodAccessorImpl.invoke0(Native Method)
	at sun.reflect.NativeMethodAccessorImpl.invoke(NativeMethodAccessorImpl.java:62)
	at sun.reflect.DelegatingMethodAccessorImpl.invoke(DelegatingMethodAccessorImpl.java:43)
	at java.lang.reflect.Method.invoke(Method.java:498)
	at org.springframework.web.method.support.InvocableHandlerMethod.doInvoke(InvocableHandlerMethod.java:205)
	at org.springframework.web.method.support.InvocableHandlerMethod.invokeForRequest(InvocableHandlerMethod.java:133)
	at org.springframework.web.servlet.mvc.method.annotation.ServletInvocableHandlerMethod.invokeAndHandle(ServletInvocableHandlerMethod.java:116)
	at org.springframework.web.servlet.mvc.method.annotation.RequestMappingHandlerAdapter.invokeHandlerMethod(RequestMappingHandlerAdapter.java:827)
	at org.springframework.web.servlet.mvc.method.annotation.RequestMappingHandlerAdapter.handleInternal(RequestMappingHandlerAdapter.java:738)
	at org.springframework.web.servlet.mvc.method.AbstractHandlerMethodAdapter.handle(AbstractHandlerMethodAdapter.java:85)
	at org.springframework.web.servlet.DispatcherServlet.doDispatch(DispatcherServlet.java:963)
	at org.springframework.web.servlet.DispatcherServlet.doService(DispatcherServlet.java:897)
	at org.springframework.web.servlet.FrameworkServlet.processRequest(FrameworkServlet.java:970)
	at org.springframework.web.servlet.FrameworkServlet.doGet(FrameworkServlet.java:861)
	at javax.servlet.http.HttpServlet.service(HttpServlet.java:622)
	at org.springframework.web.servlet.FrameworkServlet.service(FrameworkServlet.java:846)
	at javax.servlet.http.HttpServlet.service(HttpServlet.java:729)
	at org.apache.catalina.core.ApplicationFilterChain.internalDoFilter(ApplicationFilterChain.java:230)
	at org.apache.catalina.core.ApplicationFilterChain.doFilter(ApplicationFilterChain.java:165)
	at org.apache.tomcat.websocket.server.WsFilter.doFilter(WsFilter.java:52)
	at org.apache.catalina.core.ApplicationFilterChain.internalDoFilter(ApplicationFilterChain.java:192)
	at org.apache.catalina.core.ApplicationFilterChain.doFilter(ApplicationFilterChain.java:165)
	at org.springframework.web.filter.RequestContextFilter.doFilterInternal(RequestContextFilter.java:99)
	at org.springframework.web.filter.OncePerRequestFilter.doFilter(OncePerRequestFilter.java:107)
	at org.apache.catalina.core.ApplicationFilterChain.internalDoFilter(ApplicationFilterChain.java:192)
	at org.apache.catalina.core.ApplicationFilterChain.doFilter(ApplicationFilterChain.java:165)
	at org.springframework.web.filter.HttpPutFormContentFilter.doFilterInternal(HttpPutFormContentFilter.java:105)
	at org.springframework.web.filter.OncePerRequestFilter.doFilter(OncePerRequestFilter.java:107)
	at org.apache.catalina.core.ApplicationFilterChain.internalDoFilter(ApplicationFilterChain.java:192)
	at org.apache.catalina.core.ApplicationFilterChain.doFilter(ApplicationFilterChain.java:165)
	at org.springframework.web.filter.HiddenHttpMethodFilter.doFilterInternal(HiddenHttpMethodFilter.java:81)
	at org.springframework.web.filter.OncePerRequestFilter.doFilter(OncePerRequestFilter.java:107)
	at org.apache.catalina.core.ApplicationFilterChain.internalDoFilter(ApplicationFilterChain.java:192)
	at org.apache.catalina.core.ApplicationFilterChain.doFilter(ApplicationFilterChain.java:165)
	at org.springframework.web.filter.CharacterEncodingFilter.doFilterInternal(CharacterEncodingFilter.java:197)
	at org.springframework.web.filter.OncePerRequestFilter.doFilter(OncePerRequestFilter.java:107)
	at org.apache.catalina.core.ApplicationFilterChain.internalDoFilter(ApplicationFilterChain.java:192)
	at org.apache.catalina.core.ApplicationFilterChain.doFilter(ApplicationFilterChain.java:165)
	at org.apache.catalina.core.StandardWrapperValve.invoke(StandardWrapperValve.java:198)
	at org.apache.catalina.core.StandardContextValve.invoke(StandardContextValve.java:96)
	at org.apache.catalina.authenticator.AuthenticatorBase.invoke(AuthenticatorBase.java:474)
	at org.apache.catalina.core.StandardHostValve.invoke(StandardHostValve.java:140)
	at org.apache.catalina.valves.ErrorReportValve.invoke(ErrorReportValve.java:79)
	at org.apache.catalina.core.StandardEngineValve.invoke(StandardEngineValve.java:87)
	at org.apache.catalina.connector.CoyoteAdapter.service(CoyoteAdapter.java:349)
	at org.apache.coyote.http11.Http11Processor.service(Http11Processor.java:783)
	at org.apache.coyote.AbstractProcessorLight.process(AbstractProcessorLight.java:66)
	at org.apache.coyote.AbstractProtocol$ConnectionHandler.process(AbstractProtocol.java:798)
	at org.apache.tomcat.util.net.NioEndpoint$SocketProcessor.doRun(NioEndpoint.java:1434)
	at org.apache.tomcat.util.net.SocketProcessorBase.run(SocketProcessorBase.java:49)
	at java.util.concurrent.ThreadPoolExecutor.runWorker(ThreadPoolExecutor.java:1149)
	at java.util.concurrent.ThreadPoolExecutor$Worker.run(ThreadPoolExecutor.java:624)
	at org.apache.tomcat.util.threads.TaskThread$WrappingRunnable.run(TaskThread.java:61)
	at java.lang.Thread.run(Thread.java:748)
2021-08-25 16:22:50.254 [,] [main] INFO  c.qian.HeartDataApp - [logStarting,48] - Starting HeartDataApp on 192.168.0.100 with PID 9127 (/Users/qianhao/Jason/Software/Git/HeartData/HeartDataServer/target/classes started by qianhao in /Users/qianhao/Jason/Software/Git/HeartData/HeartDataServer)
2021-08-25 16:22:50.256 [,] [main] INFO  c.qian.HeartDataApp - [logStartupProfileInfo,637] - No active profile set, falling back to default profiles: default
2021-08-25 16:22:50.618 [,] [background-preinit] INFO  o.h.v.i.util.Version - [<clinit>,30] - HV000001: Hibernate Validator 5.3.4.Final
2021-08-25 16:22:51.413 [,] [main] INFO  o.a.c.c.StandardService - [log,179] - Starting service Tomcat
2021-08-25 16:22:51.414 [,] [main] INFO  o.a.c.c.StandardEngine - [log,179] - Starting Servlet Engine: Apache Tomcat/8.5.11
2021-08-25 16:22:51.497 [,] [localhost-startStop-1] INFO  o.a.c.c.C.[.[.[/] - [log,179] - Initializing Spring embedded WebApplicationContext
2021-08-25 16:22:52.572 [,] [main] INFO  o.a.c.h.Http11NioProtocol - [log,179] - Initializing ProtocolHandler ["http-nio-80"]
2021-08-25 16:22:52.581 [,] [main] INFO  o.a.c.h.Http11NioProtocol - [log,179] - Starting ProtocolHandler [http-nio-80]
2021-08-25 16:22:52.672 [,] [main] INFO  o.a.t.u.n.NioSelectorPool - [log,179] - Using a shared selector for servlet write/read
2021-08-25 16:22:52.690 [,] [main] INFO  c.qian.HeartDataApp - [logStarted,57] - Started HeartDataApp in 2.708 seconds (JVM running for 3.091)
2021-08-25 16:23:00.654 [,] [http-nio-80-exec-1] INFO  o.a.c.c.C.[.[.[/] - [log,179] - Initializing Spring FrameworkServlet 'dispatcherServlet'
2021-08-25 16:23:00.714 [,] [http-nio-80-exec-1] INFO  c.q.s.FileService - [saveData,90] - FileService/saveData, 写入文件失败
java.lang.NullPointerException: null
	at java.io.FileOutputStream.<init>(FileOutputStream.java:203)
	at java.io.FileOutputStream.<init>(FileOutputStream.java:133)
	at com.qian.service.FileService.saveData(FileService.java:85)
	at com.qian.service.FileService$$FastClassBySpringCGLIB$$1e84064.invoke(<generated>)
	at org.springframework.cglib.proxy.MethodProxy.invoke(MethodProxy.java:204)
	at org.springframework.aop.framework.CglibAopProxy$DynamicAdvisedInterceptor.intercept(CglibAopProxy.java:652)
	at com.qian.service.FileService$$EnhancerBySpringCGLIB$$5ca5c8b1.saveData(<generated>)
	at com.qian.controller.FileController.recieveData(FileController.java:45)
	at sun.reflect.NativeMethodAccessorImpl.invoke0(Native Method)
	at sun.reflect.NativeMethodAccessorImpl.invoke(NativeMethodAccessorImpl.java:62)
	at sun.reflect.DelegatingMethodAccessorImpl.invoke(DelegatingMethodAccessorImpl.java:43)
	at java.lang.reflect.Method.invoke(Method.java:498)
	at org.springframework.web.method.support.InvocableHandlerMethod.doInvoke(InvocableHandlerMethod.java:205)
	at org.springframework.web.method.support.InvocableHandlerMethod.invokeForRequest(InvocableHandlerMethod.java:133)
	at org.springframework.web.servlet.mvc.method.annotation.ServletInvocableHandlerMethod.invokeAndHandle(ServletInvocableHandlerMethod.java:116)
	at org.springframework.web.servlet.mvc.method.annotation.RequestMappingHandlerAdapter.invokeHandlerMethod(RequestMappingHandlerAdapter.java:827)
	at org.springframework.web.servlet.mvc.method.annotation.RequestMappingHandlerAdapter.handleInternal(RequestMappingHandlerAdapter.java:738)
	at org.springframework.web.servlet.mvc.method.AbstractHandlerMethodAdapter.handle(AbstractHandlerMethodAdapter.java:85)
	at org.springframework.web.servlet.DispatcherServlet.doDispatch(DispatcherServlet.java:963)
	at org.springframework.web.servlet.DispatcherServlet.doService(DispatcherServlet.java:897)
	at org.springframework.web.servlet.FrameworkServlet.processRequest(FrameworkServlet.java:970)
	at org.springframework.web.servlet.FrameworkServlet.doGet(FrameworkServlet.java:861)
	at javax.servlet.http.HttpServlet.service(HttpServlet.java:622)
	at org.springframework.web.servlet.FrameworkServlet.service(FrameworkServlet.java:846)
	at javax.servlet.http.HttpServlet.service(HttpServlet.java:729)
	at org.apache.catalina.core.ApplicationFilterChain.internalDoFilter(ApplicationFilterChain.java:230)
	at org.apache.catalina.core.ApplicationFilterChain.doFilter(ApplicationFilterChain.java:165)
	at org.apache.tomcat.websocket.server.WsFilter.doFilter(WsFilter.java:52)
	at org.apache.catalina.core.ApplicationFilterChain.internalDoFilter(ApplicationFilterChain.java:192)
	at org.apache.catalina.core.ApplicationFilterChain.doFilter(ApplicationFilterChain.java:165)
	at org.springframework.web.filter.RequestContextFilter.doFilterInternal(RequestContextFilter.java:99)
	at org.springframework.web.filter.OncePerRequestFilter.doFilter(OncePerRequestFilter.java:107)
	at org.apache.catalina.core.ApplicationFilterChain.internalDoFilter(ApplicationFilterChain.java:192)
	at org.apache.catalina.core.ApplicationFilterChain.doFilter(ApplicationFilterChain.java:165)
	at org.springframework.web.filter.HttpPutFormContentFilter.doFilterInternal(HttpPutFormContentFilter.java:105)
	at org.springframework.web.filter.OncePerRequestFilter.doFilter(OncePerRequestFilter.java:107)
	at org.apache.catalina.core.ApplicationFilterChain.internalDoFilter(ApplicationFilterChain.java:192)
	at org.apache.catalina.core.ApplicationFilterChain.doFilter(ApplicationFilterChain.java:165)
	at org.springframework.web.filter.HiddenHttpMethodFilter.doFilterInternal(HiddenHttpMethodFilter.java:81)
	at org.springframework.web.filter.OncePerRequestFilter.doFilter(OncePerRequestFilter.java:107)
	at org.apache.catalina.core.ApplicationFilterChain.internalDoFilter(ApplicationFilterChain.java:192)
	at org.apache.catalina.core.ApplicationFilterChain.doFilter(ApplicationFilterChain.java:165)
	at org.springframework.web.filter.CharacterEncodingFilter.doFilterInternal(CharacterEncodingFilter.java:197)
	at org.springframework.web.filter.OncePerRequestFilter.doFilter(OncePerRequestFilter.java:107)
	at org.apache.catalina.core.ApplicationFilterChain.internalDoFilter(ApplicationFilterChain.java:192)
	at org.apache.catalina.core.ApplicationFilterChain.doFilter(ApplicationFilterChain.java:165)
	at org.apache.catalina.core.StandardWrapperValve.invoke(StandardWrapperValve.java:198)
	at org.apache.catalina.core.StandardContextValve.invoke(StandardContextValve.java:96)
	at org.apache.catalina.authenticator.AuthenticatorBase.invoke(AuthenticatorBase.java:474)
	at org.apache.catalina.core.StandardHostValve.invoke(StandardHostValve.java:140)
	at org.apache.catalina.valves.ErrorReportValve.invoke(ErrorReportValve.java:79)
	at org.apache.catalina.core.StandardEngineValve.invoke(StandardEngineValve.java:87)
	at org.apache.catalina.connector.CoyoteAdapter.service(CoyoteAdapter.java:349)
	at org.apache.coyote.http11.Http11Processor.service(Http11Processor.java:783)
	at org.apache.coyote.AbstractProcessorLight.process(AbstractProcessorLight.java:66)
	at org.apache.coyote.AbstractProtocol$ConnectionHandler.process(AbstractProtocol.java:798)
	at org.apache.tomcat.util.net.NioEndpoint$SocketProcessor.doRun(NioEndpoint.java:1434)
	at org.apache.tomcat.util.net.SocketProcessorBase.run(SocketProcessorBase.java:49)
	at java.util.concurrent.ThreadPoolExecutor.runWorker(ThreadPoolExecutor.java:1149)
	at java.util.concurrent.ThreadPoolExecutor$Worker.run(ThreadPoolExecutor.java:624)
	at org.apache.tomcat.util.threads.TaskThread$WrappingRunnable.run(TaskThread.java:61)
	at java.lang.Thread.run(Thread.java:748)
2021-08-25 16:23:22.265 [,] [main] INFO  c.qian.HeartDataApp - [logStarting,48] - Starting HeartDataApp on 192.168.0.100 with PID 9133 (/Users/qianhao/Jason/Software/Git/HeartData/HeartDataServer/target/classes started by qianhao in /Users/qianhao/Jason/Software/Git/HeartData/HeartDataServer)
2021-08-25 16:23:22.267 [,] [main] INFO  c.qian.HeartDataApp - [logStartupProfileInfo,637] - No active profile set, falling back to default profiles: default
2021-08-25 16:23:22.680 [,] [background-preinit] INFO  o.h.v.i.util.Version - [<clinit>,30] - HV000001: Hibernate Validator 5.3.4.Final
2021-08-25 16:23:23.579 [,] [main] INFO  o.a.c.c.StandardService - [log,179] - Starting service Tomcat
2021-08-25 16:23:23.581 [,] [main] INFO  o.a.c.c.StandardEngine - [log,179] - Starting Servlet Engine: Apache Tomcat/8.5.11
2021-08-25 16:23:23.668 [,] [localhost-startStop-1] INFO  o.a.c.c.C.[.[.[/] - [log,179] - Initializing Spring embedded WebApplicationContext
2021-08-25 16:23:24.764 [,] [main] INFO  o.a.c.h.Http11NioProtocol - [log,179] - Initializing ProtocolHandler ["http-nio-80"]
2021-08-25 16:23:24.773 [,] [main] INFO  o.a.c.h.Http11NioProtocol - [log,179] - Starting ProtocolHandler [http-nio-80]
2021-08-25 16:23:24.853 [,] [main] INFO  o.a.t.u.n.NioSelectorPool - [log,179] - Using a shared selector for servlet write/read
2021-08-25 16:23:24.869 [,] [main] INFO  c.qian.HeartDataApp - [logStarted,57] - Started HeartDataApp in 2.859 seconds (JVM running for 3.286)
2021-08-25 16:23:32.662 [,] [http-nio-80-exec-1] INFO  o.a.c.c.C.[.[.[/] - [log,179] - Initializing Spring FrameworkServlet 'dispatcherServlet'
2021-08-25 16:23:33.361 [,] [http-nio-80-exec-1] INFO  c.q.c.WxUserController - [wxLogin,43] - UserController/wxLogin, 微信用户接口返回openid：otqoY47Fx98BL1vPWOh_03tRZfJI
2021-08-25 16:23:33.748 [,] [http-nio-80-exec-1] INFO  c.q.c.WxUserController - [wxLogin,63] - UserController/wxLogin, 登陆/注册成功返回peopleid
2021-08-25 16:23:34.827 [,] [http-nio-80-exec-2] INFO  c.q.s.FileService - [isExist,142] - FileService/isExist, 创建文件夹: ../test/heartFils/0/2021/08/250_2021-08-25_16_23_34_.txt
2021-08-25 16:23:34.830 [,] [http-nio-80-exec-2] INFO  c.q.s.FileService - [saveData,90] - FileService/saveData, 写入文件失败
java.io.FileNotFoundException: ../test/heartFils/0/2021/08/250_2021-08-25_16_23_34_.txt (Is a directory)
	at java.io.FileOutputStream.open0(Native Method)
	at java.io.FileOutputStream.open(FileOutputStream.java:270)
	at java.io.FileOutputStream.<init>(FileOutputStream.java:213)
	at java.io.FileOutputStream.<init>(FileOutputStream.java:133)
	at com.qian.service.FileService.saveData(FileService.java:85)
	at com.qian.service.FileService$$FastClassBySpringCGLIB$$1e84064.invoke(<generated>)
	at org.springframework.cglib.proxy.MethodProxy.invoke(MethodProxy.java:204)
	at org.springframework.aop.framework.CglibAopProxy$DynamicAdvisedInterceptor.intercept(CglibAopProxy.java:652)
	at com.qian.service.FileService$$EnhancerBySpringCGLIB$$5ca5c8b1.saveData(<generated>)
	at com.qian.controller.FileController.recieveData(FileController.java:45)
	at sun.reflect.NativeMethodAccessorImpl.invoke0(Native Method)
	at sun.reflect.NativeMethodAccessorImpl.invoke(NativeMethodAccessorImpl.java:62)
	at sun.reflect.DelegatingMethodAccessorImpl.invoke(DelegatingMethodAccessorImpl.java:43)
	at java.lang.reflect.Method.invoke(Method.java:498)
	at org.springframework.web.method.support.InvocableHandlerMethod.doInvoke(InvocableHandlerMethod.java:205)
	at org.springframework.web.method.support.InvocableHandlerMethod.invokeForRequest(InvocableHandlerMethod.java:133)
	at org.springframework.web.servlet.mvc.method.annotation.ServletInvocableHandlerMethod.invokeAndHandle(ServletInvocableHandlerMethod.java:116)
	at org.springframework.web.servlet.mvc.method.annotation.RequestMappingHandlerAdapter.invokeHandlerMethod(RequestMappingHandlerAdapter.java:827)
	at org.springframework.web.servlet.mvc.method.annotation.RequestMappingHandlerAdapter.handleInternal(RequestMappingHandlerAdapter.java:738)
	at org.springframework.web.servlet.mvc.method.AbstractHandlerMethodAdapter.handle(AbstractHandlerMethodAdapter.java:85)
	at org.springframework.web.servlet.DispatcherServlet.doDispatch(DispatcherServlet.java:963)
	at org.springframework.web.servlet.DispatcherServlet.doService(DispatcherServlet.java:897)
	at org.springframework.web.servlet.FrameworkServlet.processRequest(FrameworkServlet.java:970)
	at org.springframework.web.servlet.FrameworkServlet.doGet(FrameworkServlet.java:861)
	at javax.servlet.http.HttpServlet.service(HttpServlet.java:622)
	at org.springframework.web.servlet.FrameworkServlet.service(FrameworkServlet.java:846)
	at javax.servlet.http.HttpServlet.service(HttpServlet.java:729)
	at org.apache.catalina.core.ApplicationFilterChain.internalDoFilter(ApplicationFilterChain.java:230)
	at org.apache.catalina.core.ApplicationFilterChain.doFilter(ApplicationFilterChain.java:165)
	at org.apache.tomcat.websocket.server.WsFilter.doFilter(WsFilter.java:52)
	at org.apache.catalina.core.ApplicationFilterChain.internalDoFilter(ApplicationFilterChain.java:192)
	at org.apache.catalina.core.ApplicationFilterChain.doFilter(ApplicationFilterChain.java:165)
	at org.springframework.web.filter.RequestContextFilter.doFilterInternal(RequestContextFilter.java:99)
	at org.springframework.web.filter.OncePerRequestFilter.doFilter(OncePerRequestFilter.java:107)
	at org.apache.catalina.core.ApplicationFilterChain.internalDoFilter(ApplicationFilterChain.java:192)
	at org.apache.catalina.core.ApplicationFilterChain.doFilter(ApplicationFilterChain.java:165)
	at org.springframework.web.filter.HttpPutFormContentFilter.doFilterInternal(HttpPutFormContentFilter.java:105)
	at org.springframework.web.filter.OncePerRequestFilter.doFilter(OncePerRequestFilter.java:107)
	at org.apache.catalina.core.ApplicationFilterChain.internalDoFilter(ApplicationFilterChain.java:192)
	at org.apache.catalina.core.ApplicationFilterChain.doFilter(ApplicationFilterChain.java:165)
	at org.springframework.web.filter.HiddenHttpMethodFilter.doFilterInternal(HiddenHttpMethodFilter.java:81)
	at org.springframework.web.filter.OncePerRequestFilter.doFilter(OncePerRequestFilter.java:107)
	at org.apache.catalina.core.ApplicationFilterChain.internalDoFilter(ApplicationFilterChain.java:192)
	at org.apache.catalina.core.ApplicationFilterChain.doFilter(ApplicationFilterChain.java:165)
	at org.springframework.web.filter.CharacterEncodingFilter.doFilterInternal(CharacterEncodingFilter.java:197)
	at org.springframework.web.filter.OncePerRequestFilter.doFilter(OncePerRequestFilter.java:107)
	at org.apache.catalina.core.ApplicationFilterChain.internalDoFilter(ApplicationFilterChain.java:192)
	at org.apache.catalina.core.ApplicationFilterChain.doFilter(ApplicationFilterChain.java:165)
	at org.apache.catalina.core.StandardWrapperValve.invoke(StandardWrapperValve.java:198)
	at org.apache.catalina.core.StandardContextValve.invoke(StandardContextValve.java:96)
	at org.apache.catalina.authenticator.AuthenticatorBase.invoke(AuthenticatorBase.java:474)
	at org.apache.catalina.core.StandardHostValve.invoke(StandardHostValve.java:140)
	at org.apache.catalina.valves.ErrorReportValve.invoke(ErrorReportValve.java:79)
	at org.apache.catalina.core.StandardEngineValve.invoke(StandardEngineValve.java:87)
	at org.apache.catalina.connector.CoyoteAdapter.service(CoyoteAdapter.java:349)
	at org.apache.coyote.http11.Http11Processor.service(Http11Processor.java:783)
	at org.apache.coyote.AbstractProcessorLight.process(AbstractProcessorLight.java:66)
	at org.apache.coyote.AbstractProtocol$ConnectionHandler.process(AbstractProtocol.java:798)
	at org.apache.tomcat.util.net.NioEndpoint$SocketProcessor.doRun(NioEndpoint.java:1434)
	at org.apache.tomcat.util.net.SocketProcessorBase.run(SocketProcessorBase.java:49)
	at java.util.concurrent.ThreadPoolExecutor.runWorker(ThreadPoolExecutor.java:1149)
	at java.util.concurrent.ThreadPoolExecutor$Worker.run(ThreadPoolExecutor.java:624)
	at org.apache.tomcat.util.threads.TaskThread$WrappingRunnable.run(TaskThread.java:61)
	at java.lang.Thread.run(Thread.java:748)
2021-08-25 16:26:18.793 [,] [main] INFO  c.qian.HeartDataApp - [logStarting,48] - Starting HeartDataApp on 192.168.0.100 with PID 9138 (/Users/qianhao/Jason/Software/Git/HeartData/HeartDataServer/target/classes started by qianhao in /Users/qianhao/Jason/Software/Git/HeartData/HeartDataServer)
2021-08-25 16:26:18.795 [,] [main] INFO  c.qian.HeartDataApp - [logStartupProfileInfo,637] - No active profile set, falling back to default profiles: default
2021-08-25 16:26:19.168 [,] [background-preinit] INFO  o.h.v.i.util.Version - [<clinit>,30] - HV000001: Hibernate Validator 5.3.4.Final
2021-08-25 16:26:19.953 [,] [main] INFO  o.a.c.c.StandardService - [log,179] - Starting service Tomcat
2021-08-25 16:26:19.955 [,] [main] INFO  o.a.c.c.StandardEngine - [log,179] - Starting Servlet Engine: Apache Tomcat/8.5.11
2021-08-25 16:26:20.033 [,] [localhost-startStop-1] INFO  o.a.c.c.C.[.[.[/] - [log,179] - Initializing Spring embedded WebApplicationContext
2021-08-25 16:26:21.101 [,] [main] INFO  o.a.c.h.Http11NioProtocol - [log,179] - Initializing ProtocolHandler ["http-nio-80"]
2021-08-25 16:26:21.112 [,] [main] INFO  o.a.c.h.Http11NioProtocol - [log,179] - Starting ProtocolHandler [http-nio-80]
2021-08-25 16:26:21.203 [,] [main] INFO  o.a.t.u.n.NioSelectorPool - [log,179] - Using a shared selector for servlet write/read
2021-08-25 16:26:21.221 [,] [main] INFO  c.qian.HeartDataApp - [logStarted,57] - Started HeartDataApp in 2.677 seconds (JVM running for 3.087)
2021-08-25 16:26:28.262 [,] [http-nio-80-exec-1] INFO  o.a.c.c.C.[.[.[/] - [log,179] - Initializing Spring FrameworkServlet 'dispatcherServlet'
2021-08-25 16:26:28.324 [,] [http-nio-80-exec-1] INFO  c.q.s.FileService - [saveData,89] - FileService/saveData, 写入文件失败
java.lang.NullPointerException: null
	at java.io.FileOutputStream.<init>(FileOutputStream.java:203)
	at java.io.FileOutputStream.<init>(FileOutputStream.java:133)
	at com.qian.service.FileService.saveData(FileService.java:84)
	at com.qian.service.FileService$$FastClassBySpringCGLIB$$1e84064.invoke(<generated>)
	at org.springframework.cglib.proxy.MethodProxy.invoke(MethodProxy.java:204)
	at org.springframework.aop.framework.CglibAopProxy$DynamicAdvisedInterceptor.intercept(CglibAopProxy.java:652)
	at com.qian.service.FileService$$EnhancerBySpringCGLIB$$5cb8532b.saveData(<generated>)
	at com.qian.controller.FileController.recieveData(FileController.java:45)
	at sun.reflect.NativeMethodAccessorImpl.invoke0(Native Method)
	at sun.reflect.NativeMethodAccessorImpl.invoke(NativeMethodAccessorImpl.java:62)
	at sun.reflect.DelegatingMethodAccessorImpl.invoke(DelegatingMethodAccessorImpl.java:43)
	at java.lang.reflect.Method.invoke(Method.java:498)
	at org.springframework.web.method.support.InvocableHandlerMethod.doInvoke(InvocableHandlerMethod.java:205)
	at org.springframework.web.method.support.InvocableHandlerMethod.invokeForRequest(InvocableHandlerMethod.java:133)
	at org.springframework.web.servlet.mvc.method.annotation.ServletInvocableHandlerMethod.invokeAndHandle(ServletInvocableHandlerMethod.java:116)
	at org.springframework.web.servlet.mvc.method.annotation.RequestMappingHandlerAdapter.invokeHandlerMethod(RequestMappingHandlerAdapter.java:827)
	at org.springframework.web.servlet.mvc.method.annotation.RequestMappingHandlerAdapter.handleInternal(RequestMappingHandlerAdapter.java:738)
	at org.springframework.web.servlet.mvc.method.AbstractHandlerMethodAdapter.handle(AbstractHandlerMethodAdapter.java:85)
	at org.springframework.web.servlet.DispatcherServlet.doDispatch(DispatcherServlet.java:963)
	at org.springframework.web.servlet.DispatcherServlet.doService(DispatcherServlet.java:897)
	at org.springframework.web.servlet.FrameworkServlet.processRequest(FrameworkServlet.java:970)
	at org.springframework.web.servlet.FrameworkServlet.doGet(FrameworkServlet.java:861)
	at javax.servlet.http.HttpServlet.service(HttpServlet.java:622)
	at org.springframework.web.servlet.FrameworkServlet.service(FrameworkServlet.java:846)
	at javax.servlet.http.HttpServlet.service(HttpServlet.java:729)
	at org.apache.catalina.core.ApplicationFilterChain.internalDoFilter(ApplicationFilterChain.java:230)
	at org.apache.catalina.core.ApplicationFilterChain.doFilter(ApplicationFilterChain.java:165)
	at org.apache.tomcat.websocket.server.WsFilter.doFilter(WsFilter.java:52)
	at org.apache.catalina.core.ApplicationFilterChain.internalDoFilter(ApplicationFilterChain.java:192)
	at org.apache.catalina.core.ApplicationFilterChain.doFilter(ApplicationFilterChain.java:165)
	at org.springframework.web.filter.RequestContextFilter.doFilterInternal(RequestContextFilter.java:99)
	at org.springframework.web.filter.OncePerRequestFilter.doFilter(OncePerRequestFilter.java:107)
	at org.apache.catalina.core.ApplicationFilterChain.internalDoFilter(ApplicationFilterChain.java:192)
	at org.apache.catalina.core.ApplicationFilterChain.doFilter(ApplicationFilterChain.java:165)
	at org.springframework.web.filter.HttpPutFormContentFilter.doFilterInternal(HttpPutFormContentFilter.java:105)
	at org.springframework.web.filter.OncePerRequestFilter.doFilter(OncePerRequestFilter.java:107)
	at org.apache.catalina.core.ApplicationFilterChain.internalDoFilter(ApplicationFilterChain.java:192)
	at org.apache.catalina.core.ApplicationFilterChain.doFilter(ApplicationFilterChain.java:165)
	at org.springframework.web.filter.HiddenHttpMethodFilter.doFilterInternal(HiddenHttpMethodFilter.java:81)
	at org.springframework.web.filter.OncePerRequestFilter.doFilter(OncePerRequestFilter.java:107)
	at org.apache.catalina.core.ApplicationFilterChain.internalDoFilter(ApplicationFilterChain.java:192)
	at org.apache.catalina.core.ApplicationFilterChain.doFilter(ApplicationFilterChain.java:165)
	at org.springframework.web.filter.CharacterEncodingFilter.doFilterInternal(CharacterEncodingFilter.java:197)
	at org.springframework.web.filter.OncePerRequestFilter.doFilter(OncePerRequestFilter.java:107)
	at org.apache.catalina.core.ApplicationFilterChain.internalDoFilter(ApplicationFilterChain.java:192)
	at org.apache.catalina.core.ApplicationFilterChain.doFilter(ApplicationFilterChain.java:165)
	at org.apache.catalina.core.StandardWrapperValve.invoke(StandardWrapperValve.java:198)
	at org.apache.catalina.core.StandardContextValve.invoke(StandardContextValve.java:96)
	at org.apache.catalina.authenticator.AuthenticatorBase.invoke(AuthenticatorBase.java:474)
	at org.apache.catalina.core.StandardHostValve.invoke(StandardHostValve.java:140)
	at org.apache.catalina.valves.ErrorReportValve.invoke(ErrorReportValve.java:79)
	at org.apache.catalina.core.StandardEngineValve.invoke(StandardEngineValve.java:87)
	at org.apache.catalina.connector.CoyoteAdapter.service(CoyoteAdapter.java:349)
	at org.apache.coyote.http11.Http11Processor.service(Http11Processor.java:783)
	at org.apache.coyote.AbstractProcessorLight.process(AbstractProcessorLight.java:66)
	at org.apache.coyote.AbstractProtocol$ConnectionHandler.process(AbstractProtocol.java:798)
	at org.apache.tomcat.util.net.NioEndpoint$SocketProcessor.doRun(NioEndpoint.java:1434)
	at org.apache.tomcat.util.net.SocketProcessorBase.run(SocketProcessorBase.java:49)
	at java.util.concurrent.ThreadPoolExecutor.runWorker(ThreadPoolExecutor.java:1149)
	at java.util.concurrent.ThreadPoolExecutor$Worker.run(ThreadPoolExecutor.java:624)
	at org.apache.tomcat.util.threads.TaskThread$WrappingRunnable.run(TaskThread.java:61)
	at java.lang.Thread.run(Thread.java:748)
2021-08-25 16:27:23.145 [,] [main] INFO  c.qian.HeartDataApp - [logStarting,48] - Starting HeartDataApp on 192.168.0.100 with PID 9142 (/Users/qianhao/Jason/Software/Git/HeartData/HeartDataServer/target/classes started by qianhao in /Users/qianhao/Jason/Software/Git/HeartData/HeartDataServer)
2021-08-25 16:27:23.151 [,] [main] INFO  c.qian.HeartDataApp - [logStartupProfileInfo,637] - No active profile set, falling back to default profiles: default
2021-08-25 16:27:23.661 [,] [background-preinit] INFO  o.h.v.i.util.Version - [<clinit>,30] - HV000001: Hibernate Validator 5.3.4.Final
2021-08-25 16:27:24.774 [,] [main] INFO  o.a.c.c.StandardService - [log,179] - Starting service Tomcat
2021-08-25 16:27:24.775 [,] [main] INFO  o.a.c.c.StandardEngine - [log,179] - Starting Servlet Engine: Apache Tomcat/8.5.11
2021-08-25 16:27:24.873 [,] [localhost-startStop-1] INFO  o.a.c.c.C.[.[.[/] - [log,179] - Initializing Spring embedded WebApplicationContext
2021-08-25 16:27:26.536 [,] [main] INFO  o.a.c.h.Http11NioProtocol - [log,179] - Initializing ProtocolHandler ["http-nio-80"]
2021-08-25 16:27:26.550 [,] [main] INFO  o.a.c.h.Http11NioProtocol - [log,179] - Starting ProtocolHandler [http-nio-80]
2021-08-25 16:27:26.578 [,] [main] INFO  o.a.t.u.n.NioSelectorPool - [log,179] - Using a shared selector for servlet write/read
2021-08-25 16:27:26.602 [,] [main] INFO  c.qian.HeartDataApp - [logStarted,57] - Started HeartDataApp in 3.822 seconds (JVM running for 4.718)
2021-08-25 16:27:37.120 [,] [http-nio-80-exec-1] INFO  o.a.c.c.C.[.[.[/] - [log,179] - Initializing Spring FrameworkServlet 'dispatcherServlet'
2021-08-25 16:27:37.209 [,] [http-nio-80-exec-1] INFO  c.q.s.FileService - [saveData,89] - FileService/saveData, 写入文件失败
java.lang.NullPointerException: null
	at java.io.FileOutputStream.<init>(FileOutputStream.java:203)
	at java.io.FileOutputStream.<init>(FileOutputStream.java:133)
	at com.qian.service.FileService.saveData(FileService.java:84)
	at com.qian.service.FileService$$FastClassBySpringCGLIB$$1e84064.invoke(<generated>)
	at org.springframework.cglib.proxy.MethodProxy.invoke(MethodProxy.java:204)
	at org.springframework.aop.framework.CglibAopProxy$DynamicAdvisedInterceptor.intercept(CglibAopProxy.java:652)
	at com.qian.service.FileService$$EnhancerBySpringCGLIB$$cf48c4f6.saveData(<generated>)
	at com.qian.controller.FileController.recieveData(FileController.java:45)
	at sun.reflect.NativeMethodAccessorImpl.invoke0(Native Method)
	at sun.reflect.NativeMethodAccessorImpl.invoke(NativeMethodAccessorImpl.java:62)
	at sun.reflect.DelegatingMethodAccessorImpl.invoke(DelegatingMethodAccessorImpl.java:43)
	at java.lang.reflect.Method.invoke(Method.java:498)
	at org.springframework.web.method.support.InvocableHandlerMethod.doInvoke(InvocableHandlerMethod.java:205)
	at org.springframework.web.method.support.InvocableHandlerMethod.invokeForRequest(InvocableHandlerMethod.java:133)
	at org.springframework.web.servlet.mvc.method.annotation.ServletInvocableHandlerMethod.invokeAndHandle(ServletInvocableHandlerMethod.java:116)
	at org.springframework.web.servlet.mvc.method.annotation.RequestMappingHandlerAdapter.invokeHandlerMethod(RequestMappingHandlerAdapter.java:827)
	at org.springframework.web.servlet.mvc.method.annotation.RequestMappingHandlerAdapter.handleInternal(RequestMappingHandlerAdapter.java:738)
	at org.springframework.web.servlet.mvc.method.AbstractHandlerMethodAdapter.handle(AbstractHandlerMethodAdapter.java:85)
	at org.springframework.web.servlet.DispatcherServlet.doDispatch(DispatcherServlet.java:963)
	at org.springframework.web.servlet.DispatcherServlet.doService(DispatcherServlet.java:897)
	at org.springframework.web.servlet.FrameworkServlet.processRequest(FrameworkServlet.java:970)
	at org.springframework.web.servlet.FrameworkServlet.doGet(FrameworkServlet.java:861)
	at javax.servlet.http.HttpServlet.service(HttpServlet.java:622)
	at org.springframework.web.servlet.FrameworkServlet.service(FrameworkServlet.java:846)
	at javax.servlet.http.HttpServlet.service(HttpServlet.java:729)
	at org.apache.catalina.core.ApplicationFilterChain.internalDoFilter(ApplicationFilterChain.java:230)
	at org.apache.catalina.core.ApplicationFilterChain.doFilter(ApplicationFilterChain.java:165)
	at org.apache.tomcat.websocket.server.WsFilter.doFilter(WsFilter.java:52)
	at org.apache.catalina.core.ApplicationFilterChain.internalDoFilter(ApplicationFilterChain.java:192)
	at org.apache.catalina.core.ApplicationFilterChain.doFilter(ApplicationFilterChain.java:165)
	at org.springframework.web.filter.RequestContextFilter.doFilterInternal(RequestContextFilter.java:99)
	at org.springframework.web.filter.OncePerRequestFilter.doFilter(OncePerRequestFilter.java:107)
	at org.apache.catalina.core.ApplicationFilterChain.internalDoFilter(ApplicationFilterChain.java:192)
	at org.apache.catalina.core.ApplicationFilterChain.doFilter(ApplicationFilterChain.java:165)
	at org.springframework.web.filter.HttpPutFormContentFilter.doFilterInternal(HttpPutFormContentFilter.java:105)
	at org.springframework.web.filter.OncePerRequestFilter.doFilter(OncePerRequestFilter.java:107)
	at org.apache.catalina.core.ApplicationFilterChain.internalDoFilter(ApplicationFilterChain.java:192)
	at org.apache.catalina.core.ApplicationFilterChain.doFilter(ApplicationFilterChain.java:165)
	at org.springframework.web.filter.HiddenHttpMethodFilter.doFilterInternal(HiddenHttpMethodFilter.java:81)
	at org.springframework.web.filter.OncePerRequestFilter.doFilter(OncePerRequestFilter.java:107)
	at org.apache.catalina.core.ApplicationFilterChain.internalDoFilter(ApplicationFilterChain.java:192)
	at org.apache.catalina.core.ApplicationFilterChain.doFilter(ApplicationFilterChain.java:165)
	at org.springframework.web.filter.CharacterEncodingFilter.doFilterInternal(CharacterEncodingFilter.java:197)
	at org.springframework.web.filter.OncePerRequestFilter.doFilter(OncePerRequestFilter.java:107)
	at org.apache.catalina.core.ApplicationFilterChain.internalDoFilter(ApplicationFilterChain.java:192)
	at org.apache.catalina.core.ApplicationFilterChain.doFilter(ApplicationFilterChain.java:165)
	at org.apache.catalina.core.StandardWrapperValve.invoke(StandardWrapperValve.java:198)
	at org.apache.catalina.core.StandardContextValve.invoke(StandardContextValve.java:96)
	at org.apache.catalina.authenticator.AuthenticatorBase.invoke(AuthenticatorBase.java:474)
	at org.apache.catalina.core.StandardHostValve.invoke(StandardHostValve.java:140)
	at org.apache.catalina.valves.ErrorReportValve.invoke(ErrorReportValve.java:79)
	at org.apache.catalina.core.StandardEngineValve.invoke(StandardEngineValve.java:87)
	at org.apache.catalina.connector.CoyoteAdapter.service(CoyoteAdapter.java:349)
	at org.apache.coyote.http11.Http11Processor.service(Http11Processor.java:783)
	at org.apache.coyote.AbstractProcessorLight.process(AbstractProcessorLight.java:66)
	at org.apache.coyote.AbstractProtocol$ConnectionHandler.process(AbstractProtocol.java:798)
	at org.apache.tomcat.util.net.NioEndpoint$SocketProcessor.doRun(NioEndpoint.java:1434)
	at org.apache.tomcat.util.net.SocketProcessorBase.run(SocketProcessorBase.java:49)
	at java.util.concurrent.ThreadPoolExecutor.runWorker(ThreadPoolExecutor.java:1149)
	at java.util.concurrent.ThreadPoolExecutor$Worker.run(ThreadPoolExecutor.java:624)
	at org.apache.tomcat.util.threads.TaskThread$WrappingRunnable.run(TaskThread.java:61)
	at java.lang.Thread.run(Thread.java:748)
2021-08-25 16:27:55.861 [,] [http-nio-80-exec-2] INFO  c.q.c.WxUserController - [wxLogin,43] - UserController/wxLogin, 微信用户接口返回openid：otqoY47Fx98BL1vPWOh_03tRZfJI
2021-08-25 16:27:56.329 [,] [http-nio-80-exec-2] INFO  c.q.c.WxUserController - [wxLogin,63] - UserController/wxLogin, 登陆/注册成功返回peopleid
2021-08-25 16:28:30.355 [,] [http-nio-80-exec-3] INFO  c.q.s.FileService - [isExist,141] - FileService/isExist, 创建文件夹: ../test/heartFils/0/2021/08/25
2021-08-25 16:28:42.207 [,] [http-nio-80-exec-3] INFO  c.q.s.FileService - [saveData,86] - FileService/saveData, 写入文件成功
2021-08-25 16:39:53.723 [,] [main] INFO  c.qian.HeartDataApp - [logStarting,48] - Starting HeartDataApp on 192.168.0.100 with PID 9191 (/Users/qianhao/Jason/Software/Git/HeartData/HeartDataServer/target/classes started by qianhao in /Users/qianhao/Jason/Software/Git/HeartData/HeartDataServer)
2021-08-25 16:39:53.726 [,] [main] INFO  c.qian.HeartDataApp - [logStartupProfileInfo,637] - No active profile set, falling back to default profiles: default
2021-08-25 16:39:54.120 [,] [background-preinit] INFO  o.h.v.i.util.Version - [<clinit>,30] - HV000001: Hibernate Validator 5.3.4.Final
2021-08-25 16:39:55.037 [,] [main] INFO  o.a.c.c.StandardService - [log,179] - Starting service Tomcat
2021-08-25 16:39:55.038 [,] [main] INFO  o.a.c.c.StandardEngine - [log,179] - Starting Servlet Engine: Apache Tomcat/8.5.11
2021-08-25 16:39:55.128 [,] [localhost-startStop-1] INFO  o.a.c.c.C.[.[.[/] - [log,179] - Initializing Spring embedded WebApplicationContext
2021-08-25 16:39:56.282 [,] [main] INFO  o.a.c.h.Http11NioProtocol - [log,179] - Initializing ProtocolHandler ["http-nio-80"]
2021-08-25 16:39:56.292 [,] [main] INFO  o.a.c.h.Http11NioProtocol - [log,179] - Starting ProtocolHandler [http-nio-80]
2021-08-25 16:39:56.311 [,] [main] INFO  o.a.t.u.n.NioSelectorPool - [log,179] - Using a shared selector for servlet write/read
2021-08-25 16:39:56.401 [,] [main] INFO  c.qian.HeartDataApp - [logStarted,57] - Started HeartDataApp in 2.943 seconds (JVM running for 3.349)
2021-08-25 16:40:41.056 [,] [main] INFO  c.qian.HeartDataApp - [logStarting,48] - Starting HeartDataApp on 192.168.0.100 with PID 9201 (/Users/qianhao/Jason/Software/Git/HeartData/HeartDataServer/target/classes started by qianhao in /Users/qianhao/Jason/Software/Git/HeartData/HeartDataServer)
2021-08-25 16:40:41.061 [,] [main] INFO  c.qian.HeartDataApp - [logStartupProfileInfo,637] - No active profile set, falling back to default profiles: default
2021-08-25 16:40:41.585 [,] [background-preinit] INFO  o.h.v.i.util.Version - [<clinit>,30] - HV000001: Hibernate Validator 5.3.4.Final
2021-08-25 16:40:42.787 [,] [main] INFO  o.a.c.c.StandardService - [log,179] - Starting service Tomcat
2021-08-25 16:40:42.789 [,] [main] INFO  o.a.c.c.StandardEngine - [log,179] - Starting Servlet Engine: Apache Tomcat/8.5.11
2021-08-25 16:40:42.901 [,] [localhost-startStop-1] INFO  o.a.c.c.C.[.[.[/] - [log,179] - Initializing Spring embedded WebApplicationContext
2021-08-25 16:40:44.726 [,] [main] INFO  o.a.c.h.Http11NioProtocol - [log,179] - Initializing ProtocolHandler ["http-nio-80"]
2021-08-25 16:40:44.738 [,] [main] INFO  o.a.c.h.Http11NioProtocol - [log,179] - Starting ProtocolHandler [http-nio-80]
2021-08-25 16:40:44.766 [,] [main] INFO  o.a.t.u.n.NioSelectorPool - [log,179] - Using a shared selector for servlet write/read
2021-08-25 16:40:44.794 [,] [main] INFO  c.qian.HeartDataApp - [logStarted,57] - Started HeartDataApp in 4.125 seconds (JVM running for 4.841)
2021-08-25 16:40:49.414 [,] [http-nio-80-exec-1] INFO  o.a.c.c.C.[.[.[/] - [log,179] - Initializing Spring FrameworkServlet 'dispatcherServlet'
2021-08-25 16:40:50.121 [,] [http-nio-80-exec-1] INFO  c.q.c.WxUserController - [wxLogin,43] - UserController/wxLogin, 微信用户接口返回openid：otqoY47Fx98BL1vPWOh_03tRZfJI
2021-08-25 16:40:50.653 [,] [http-nio-80-exec-1] INFO  c.q.s.WxUserService - [addWxUser,31] - WxUserService/addWxUser
org.springframework.dao.DuplicateKeyException: 
### Error updating database.  Cause: com.mysql.jdbc.exceptions.jdbc4.MySQLIntegrityConstraintViolationException: Duplicate entry 'otqoY47Fx98BL1vPWOh_03tRZfJI' for key 'wxusers.open_id'
### The error may involve com.qian.mapper.WxUserMapping.insert-Inline
### The error occurred while setting parameters
### SQL: insert into `wxusers` (`open_id`, `nick_name`, `avatar_url`, `gender`, `city`, `province`) values(?, ?, ?, ?, ?, ?)
### Cause: com.mysql.jdbc.exceptions.jdbc4.MySQLIntegrityConstraintViolationException: Duplicate entry 'otqoY47Fx98BL1vPWOh_03tRZfJI' for key 'wxusers.open_id'
; SQL []; Duplicate entry 'otqoY47Fx98BL1vPWOh_03tRZfJI' for key 'wxusers.open_id'; nested exception is com.mysql.jdbc.exceptions.jdbc4.MySQLIntegrityConstraintViolationException: Duplicate entry 'otqoY47Fx98BL1vPWOh_03tRZfJI' for key 'wxusers.open_id'
	at org.springframework.jdbc.support.SQLErrorCodeSQLExceptionTranslator.doTranslate(SQLErrorCodeSQLExceptionTranslator.java:239)
	at org.springframework.jdbc.support.AbstractFallbackSQLExceptionTranslator.translate(AbstractFallbackSQLExceptionTranslator.java:73)
	at org.mybatis.spring.MyBatisExceptionTranslator.translateExceptionIfPossible(MyBatisExceptionTranslator.java:75)
	at org.mybatis.spring.SqlSessionTemplate$SqlSessionInterceptor.invoke(SqlSessionTemplate.java:447)
	at com.sun.proxy.$Proxy58.insert(Unknown Source)
	at org.mybatis.spring.SqlSessionTemplate.insert(SqlSessionTemplate.java:279)
	at org.apache.ibatis.binding.MapperMethod.execute(MapperMethod.java:56)
	at org.apache.ibatis.binding.MapperProxy.invoke(MapperProxy.java:53)
	at com.sun.proxy.$Proxy61.insert(Unknown Source)
	at com.qian.service.WxUserService.addWxUser(WxUserService.java:27)
	at com.qian.controller.WxUserController.wxLogin(WxUserController.java:50)
	at sun.reflect.NativeMethodAccessorImpl.invoke0(Native Method)
	at sun.reflect.NativeMethodAccessorImpl.invoke(NativeMethodAccessorImpl.java:62)
	at sun.reflect.DelegatingMethodAccessorImpl.invoke(DelegatingMethodAccessorImpl.java:43)
	at java.lang.reflect.Method.invoke(Method.java:498)
	at org.springframework.web.method.support.InvocableHandlerMethod.doInvoke(InvocableHandlerMethod.java:205)
	at org.springframework.web.method.support.InvocableHandlerMethod.invokeForRequest(InvocableHandlerMethod.java:133)
	at org.springframework.web.servlet.mvc.method.annotation.ServletInvocableHandlerMethod.invokeAndHandle(ServletInvocableHandlerMethod.java:116)
	at org.springframework.web.servlet.mvc.method.annotation.RequestMappingHandlerAdapter.invokeHandlerMethod(RequestMappingHandlerAdapter.java:827)
	at org.springframework.web.servlet.mvc.method.annotation.RequestMappingHandlerAdapter.handleInternal(RequestMappingHandlerAdapter.java:738)
	at org.springframework.web.servlet.mvc.method.AbstractHandlerMethodAdapter.handle(AbstractHandlerMethodAdapter.java:85)
	at org.springframework.web.servlet.DispatcherServlet.doDispatch(DispatcherServlet.java:963)
	at org.springframework.web.servlet.DispatcherServlet.doService(DispatcherServlet.java:897)
	at org.springframework.web.servlet.FrameworkServlet.processRequest(FrameworkServlet.java:970)
	at org.springframework.web.servlet.FrameworkServlet.doGet(FrameworkServlet.java:861)
	at javax.servlet.http.HttpServlet.service(HttpServlet.java:622)
	at org.springframework.web.servlet.FrameworkServlet.service(FrameworkServlet.java:846)
	at javax.servlet.http.HttpServlet.service(HttpServlet.java:729)
	at org.apache.catalina.core.ApplicationFilterChain.internalDoFilter(ApplicationFilterChain.java:230)
	at org.apache.catalina.core.ApplicationFilterChain.doFilter(ApplicationFilterChain.java:165)
	at org.apache.tomcat.websocket.server.WsFilter.doFilter(WsFilter.java:52)
	at org.apache.catalina.core.ApplicationFilterChain.internalDoFilter(ApplicationFilterChain.java:192)
	at org.apache.catalina.core.ApplicationFilterChain.doFilter(ApplicationFilterChain.java:165)
	at org.springframework.web.filter.RequestContextFilter.doFilterInternal(RequestContextFilter.java:99)
	at org.springframework.web.filter.OncePerRequestFilter.doFilter(OncePerRequestFilter.java:107)
	at org.apache.catalina.core.ApplicationFilterChain.internalDoFilter(ApplicationFilterChain.java:192)
	at org.apache.catalina.core.ApplicationFilterChain.doFilter(ApplicationFilterChain.java:165)
	at org.springframework.web.filter.HttpPutFormContentFilter.doFilterInternal(HttpPutFormContentFilter.java:105)
	at org.springframework.web.filter.OncePerRequestFilter.doFilter(OncePerRequestFilter.java:107)
	at org.apache.catalina.core.ApplicationFilterChain.internalDoFilter(ApplicationFilterChain.java:192)
	at org.apache.catalina.core.ApplicationFilterChain.doFilter(ApplicationFilterChain.java:165)
	at org.springframework.web.filter.HiddenHttpMethodFilter.doFilterInternal(HiddenHttpMethodFilter.java:81)
	at org.springframework.web.filter.OncePerRequestFilter.doFilter(OncePerRequestFilter.java:107)
	at org.apache.catalina.core.ApplicationFilterChain.internalDoFilter(ApplicationFilterChain.java:192)
	at org.apache.catalina.core.ApplicationFilterChain.doFilter(ApplicationFilterChain.java:165)
	at org.springframework.web.filter.CharacterEncodingFilter.doFilterInternal(CharacterEncodingFilter.java:197)
	at org.springframework.web.filter.OncePerRequestFilter.doFilter(OncePerRequestFilter.java:107)
	at org.apache.catalina.core.ApplicationFilterChain.internalDoFilter(ApplicationFilterChain.java:192)
	at org.apache.catalina.core.ApplicationFilterChain.doFilter(ApplicationFilterChain.java:165)
	at org.apache.catalina.core.StandardWrapperValve.invoke(StandardWrapperValve.java:198)
	at org.apache.catalina.core.StandardContextValve.invoke(StandardContextValve.java:96)
	at org.apache.catalina.authenticator.AuthenticatorBase.invoke(AuthenticatorBase.java:474)
	at org.apache.catalina.core.StandardHostValve.invoke(StandardHostValve.java:140)
	at org.apache.catalina.valves.ErrorReportValve.invoke(ErrorReportValve.java:79)
	at org.apache.catalina.core.StandardEngineValve.invoke(StandardEngineValve.java:87)
	at org.apache.catalina.connector.CoyoteAdapter.service(CoyoteAdapter.java:349)
	at org.apache.coyote.http11.Http11Processor.service(Http11Processor.java:783)
	at org.apache.coyote.AbstractProcessorLight.process(AbstractProcessorLight.java:66)
	at org.apache.coyote.AbstractProtocol$ConnectionHandler.process(AbstractProtocol.java:798)
	at org.apache.tomcat.util.net.NioEndpoint$SocketProcessor.doRun(NioEndpoint.java:1434)
	at org.apache.tomcat.util.net.SocketProcessorBase.run(SocketProcessorBase.java:49)
	at java.util.concurrent.ThreadPoolExecutor.runWorker(ThreadPoolExecutor.java:1149)
	at java.util.concurrent.ThreadPoolExecutor$Worker.run(ThreadPoolExecutor.java:624)
	at org.apache.tomcat.util.threads.TaskThread$WrappingRunnable.run(TaskThread.java:61)
	at java.lang.Thread.run(Thread.java:748)
Caused by: com.mysql.jdbc.exceptions.jdbc4.MySQLIntegrityConstraintViolationException: Duplicate entry 'otqoY47Fx98BL1vPWOh_03tRZfJI' for key 'wxusers.open_id'
	at sun.reflect.NativeConstructorAccessorImpl.newInstance0(Native Method)
	at sun.reflect.NativeConstructorAccessorImpl.newInstance(NativeConstructorAccessorImpl.java:62)
	at sun.reflect.DelegatingConstructorAccessorImpl.newInstance(DelegatingConstructorAccessorImpl.java:45)
	at java.lang.reflect.Constructor.newInstance(Constructor.java:423)
	at com.mysql.jdbc.Util.handleNewInstance(Util.java:425)
	at com.mysql.jdbc.Util.getInstance(Util.java:408)
	at com.mysql.jdbc.SQLError.createSQLException(SQLError.java:936)
	at com.mysql.jdbc.MysqlIO.checkErrorPacket(MysqlIO.java:3976)
	at com.mysql.jdbc.MysqlIO.checkErrorPacket(MysqlIO.java:3912)
	at com.mysql.jdbc.MysqlIO.sendCommand(MysqlIO.java:2530)
	at com.mysql.jdbc.MysqlIO.sqlQueryDirect(MysqlIO.java:2683)
	at com.mysql.jdbc.ConnectionImpl.execSQL(ConnectionImpl.java:2486)
	at com.mysql.jdbc.PreparedStatement.executeInternal(PreparedStatement.java:1858)
	at com.mysql.jdbc.PreparedStatement.execute(PreparedStatement.java:1197)
	at org.apache.ibatis.executor.statement.PreparedStatementHandler.update(PreparedStatementHandler.java:46)
	at org.apache.ibatis.executor.statement.RoutingStatementHandler.update(RoutingStatementHandler.java:74)
	at org.apache.ibatis.executor.SimpleExecutor.doUpdate(SimpleExecutor.java:50)
	at org.apache.ibatis.executor.BaseExecutor.update(BaseExecutor.java:117)
	at org.apache.ibatis.executor.CachingExecutor.update(CachingExecutor.java:76)
	at org.apache.ibatis.session.defaults.DefaultSqlSession.update(DefaultSqlSession.java:198)
	at org.apache.ibatis.session.defaults.DefaultSqlSession.insert(DefaultSqlSession.java:185)
	at sun.reflect.NativeMethodAccessorImpl.invoke0(Native Method)
	at sun.reflect.NativeMethodAccessorImpl.invoke(NativeMethodAccessorImpl.java:62)
	at sun.reflect.DelegatingMethodAccessorImpl.invoke(DelegatingMethodAccessorImpl.java:43)
	at java.lang.reflect.Method.invoke(Method.java:498)
	at org.mybatis.spring.SqlSessionTemplate$SqlSessionInterceptor.invoke(SqlSessionTemplate.java:434)
	... 61 common frames omitted
2021-08-25 16:40:50.654 [,] [http-nio-80-exec-1] INFO  c.q.c.WxUserController - [wxLogin,57] - UserController/wxLogin, 新用户注册失败
2021-08-25 16:41:38.469 [,] [main] INFO  c.qian.HeartDataApp - [logStarting,48] - Starting HeartDataApp on 192.168.0.100 with PID 9204 (/Users/qianhao/Jason/Software/Git/HeartData/HeartDataServer/target/classes started by qianhao in /Users/qianhao/Jason/Software/Git/HeartData/HeartDataServer)
2021-08-25 16:41:38.475 [,] [main] INFO  c.qian.HeartDataApp - [logStartupProfileInfo,637] - No active profile set, falling back to default profiles: default
2021-08-25 16:41:38.985 [,] [background-preinit] INFO  o.h.v.i.util.Version - [<clinit>,30] - HV000001: Hibernate Validator 5.3.4.Final
2021-08-25 16:41:40.045 [,] [main] INFO  o.a.c.c.StandardService - [log,179] - Starting service Tomcat
2021-08-25 16:41:40.047 [,] [main] INFO  o.a.c.c.StandardEngine - [log,179] - Starting Servlet Engine: Apache Tomcat/8.5.11
2021-08-25 16:41:40.148 [,] [localhost-startStop-1] INFO  o.a.c.c.C.[.[.[/] - [log,179] - Initializing Spring embedded WebApplicationContext
2021-08-25 16:41:42.005 [,] [main] INFO  o.a.c.h.Http11NioProtocol - [log,179] - Initializing ProtocolHandler ["http-nio-80"]
2021-08-25 16:41:42.020 [,] [main] INFO  o.a.c.h.Http11NioProtocol - [log,179] - Starting ProtocolHandler [http-nio-80]
2021-08-25 16:41:42.049 [,] [main] INFO  o.a.t.u.n.NioSelectorPool - [log,179] - Using a shared selector for servlet write/read
2021-08-25 16:41:42.078 [,] [main] INFO  c.qian.HeartDataApp - [logStarted,57] - Started HeartDataApp in 3.99 seconds (JVM running for 4.779)
2021-08-25 16:41:49.177 [,] [http-nio-80-exec-1] INFO  o.a.c.c.C.[.[.[/] - [log,179] - Initializing Spring FrameworkServlet 'dispatcherServlet'
2021-08-25 16:41:49.920 [,] [http-nio-80-exec-1] INFO  c.q.c.WxUserController - [wxLogin,43] - UserController/wxLogin, 微信用户接口返回openid：otqoY47Fx98BL1vPWOh_03tRZfJI
2021-08-25 16:42:28.723 [,] [main] INFO  c.qian.HeartDataApp - [logStarting,48] - Starting HeartDataApp on 192.168.0.100 with PID 9208 (/Users/qianhao/Jason/Software/Git/HeartData/HeartDataServer/target/classes started by qianhao in /Users/qianhao/Jason/Software/Git/HeartData/HeartDataServer)
2021-08-25 16:42:28.728 [,] [main] INFO  c.qian.HeartDataApp - [logStartupProfileInfo,637] - No active profile set, falling back to default profiles: default
2021-08-25 16:42:29.237 [,] [background-preinit] INFO  o.h.v.i.util.Version - [<clinit>,30] - HV000001: Hibernate Validator 5.3.4.Final
2021-08-25 16:42:30.315 [,] [main] INFO  o.a.c.c.StandardService - [log,179] - Starting service Tomcat
2021-08-25 16:42:30.317 [,] [main] INFO  o.a.c.c.StandardEngine - [log,179] - Starting Servlet Engine: Apache Tomcat/8.5.11
2021-08-25 16:42:30.425 [,] [localhost-startStop-1] INFO  o.a.c.c.C.[.[.[/] - [log,179] - Initializing Spring embedded WebApplicationContext
2021-08-25 16:42:32.287 [,] [main] INFO  o.a.c.h.Http11NioProtocol - [log,179] - Initializing ProtocolHandler ["http-nio-80"]
2021-08-25 16:42:32.299 [,] [main] INFO  o.a.c.h.Http11NioProtocol - [log,179] - Starting ProtocolHandler [http-nio-80]
2021-08-25 16:42:32.328 [,] [main] INFO  o.a.t.u.n.NioSelectorPool - [log,179] - Using a shared selector for servlet write/read
2021-08-25 16:42:32.355 [,] [main] INFO  c.qian.HeartDataApp - [logStarted,57] - Started HeartDataApp in 4.017 seconds (JVM running for 4.752)
2021-08-25 16:42:37.585 [,] [http-nio-80-exec-1] INFO  o.a.c.c.C.[.[.[/] - [log,179] - Initializing Spring FrameworkServlet 'dispatcherServlet'
2021-08-25 16:42:38.324 [,] [http-nio-80-exec-1] INFO  c.q.c.WxUserController - [wxLogin,43] - UserController/wxLogin, 微信用户接口返回openid：otqoY47Fx98BL1vPWOh_03tRZfJI
2021-08-25 16:43:14.780 [,] [main] INFO  c.qian.HeartDataApp - [logStarting,48] - Starting HeartDataApp on 192.168.0.100 with PID 9210 (/Users/qianhao/Jason/Software/Git/HeartData/HeartDataServer/target/classes started by qianhao in /Users/qianhao/Jason/Software/Git/HeartData/HeartDataServer)
2021-08-25 16:43:14.786 [,] [main] INFO  c.qian.HeartDataApp - [logStartupProfileInfo,637] - No active profile set, falling back to default profiles: default
2021-08-25 16:43:15.326 [,] [background-preinit] INFO  o.h.v.i.util.Version - [<clinit>,30] - HV000001: Hibernate Validator 5.3.4.Final
2021-08-25 16:43:16.537 [,] [main] INFO  o.a.c.c.StandardService - [log,179] - Starting service Tomcat
2021-08-25 16:43:16.538 [,] [main] INFO  o.a.c.c.StandardEngine - [log,179] - Starting Servlet Engine: Apache Tomcat/8.5.11
2021-08-25 16:43:16.653 [,] [localhost-startStop-1] INFO  o.a.c.c.C.[.[.[/] - [log,179] - Initializing Spring embedded WebApplicationContext
2021-08-25 16:43:18.559 [,] [main] INFO  o.a.c.h.Http11NioProtocol - [log,179] - Initializing ProtocolHandler ["http-nio-80"]
2021-08-25 16:43:18.571 [,] [main] INFO  o.a.c.h.Http11NioProtocol - [log,179] - Starting ProtocolHandler [http-nio-80]
2021-08-25 16:43:18.600 [,] [main] INFO  o.a.t.u.n.NioSelectorPool - [log,179] - Using a shared selector for servlet write/read
2021-08-25 16:43:18.625 [,] [main] INFO  c.qian.HeartDataApp - [logStarted,57] - Started HeartDataApp in 4.228 seconds (JVM running for 4.997)
2021-08-25 16:43:23.864 [,] [http-nio-80-exec-1] INFO  o.a.c.c.C.[.[.[/] - [log,179] - Initializing Spring FrameworkServlet 'dispatcherServlet'
2021-08-25 16:43:24.564 [,] [http-nio-80-exec-1] INFO  c.q.c.WxUserController - [wxLogin,43] - UserController/wxLogin, 微信用户接口返回openid：otqoY47Fx98BL1vPWOh_03tRZfJI
2021-08-25 16:43:42.322 [,] [http-nio-80-exec-1] INFO  c.q.c.WxUserController - [wxLogin,67] - UserController/wxLogin, 登陆/注册成功返回peopleid
2021-08-25 16:44:34.852 [,] [http-nio-80-exec-2] INFO  c.q.s.FileService - [isExist,141] - FileService/isExist, 创建文件夹: ../test/heartFils/1/2021/08/25
2021-08-25 16:44:55.308 [,] [http-nio-80-exec-2] INFO  c.q.s.FileService - [saveData,86] - FileService/saveData, 写入文件成功
2021-08-25 16:45:30.474 [,] [http-nio-80-exec-3] INFO  c.q.s.FileService - [saveData,89] - FileService/saveData, 写入文件失败
java.lang.NullPointerException: null
	at java.io.FileOutputStream.<init>(FileOutputStream.java:203)
	at java.io.FileOutputStream.<init>(FileOutputStream.java:133)
	at com.qian.service.FileService.saveData(FileService.java:84)
	at com.qian.service.FileService$$FastClassBySpringCGLIB$$1e84064.invoke(<generated>)
	at org.springframework.cglib.proxy.MethodProxy.invoke(MethodProxy.java:204)
	at org.springframework.aop.framework.CglibAopProxy$DynamicAdvisedInterceptor.intercept(CglibAopProxy.java:652)
	at com.qian.service.FileService$$EnhancerBySpringCGLIB$$1af5981c.saveData(<generated>)
	at com.qian.controller.FileController.recieveData(FileController.java:45)
	at sun.reflect.NativeMethodAccessorImpl.invoke0(Native Method)
	at sun.reflect.NativeMethodAccessorImpl.invoke(NativeMethodAccessorImpl.java:62)
	at sun.reflect.DelegatingMethodAccessorImpl.invoke(DelegatingMethodAccessorImpl.java:43)
	at java.lang.reflect.Method.invoke(Method.java:498)
	at org.springframework.web.method.support.InvocableHandlerMethod.doInvoke(InvocableHandlerMethod.java:205)
	at org.springframework.web.method.support.InvocableHandlerMethod.invokeForRequest(InvocableHandlerMethod.java:133)
	at org.springframework.web.servlet.mvc.method.annotation.ServletInvocableHandlerMethod.invokeAndHandle(ServletInvocableHandlerMethod.java:116)
	at org.springframework.web.servlet.mvc.method.annotation.RequestMappingHandlerAdapter.invokeHandlerMethod(RequestMappingHandlerAdapter.java:827)
	at org.springframework.web.servlet.mvc.method.annotation.RequestMappingHandlerAdapter.handleInternal(RequestMappingHandlerAdapter.java:738)
	at org.springframework.web.servlet.mvc.method.AbstractHandlerMethodAdapter.handle(AbstractHandlerMethodAdapter.java:85)
	at org.springframework.web.servlet.DispatcherServlet.doDispatch(DispatcherServlet.java:963)
	at org.springframework.web.servlet.DispatcherServlet.doService(DispatcherServlet.java:897)
	at org.springframework.web.servlet.FrameworkServlet.processRequest(FrameworkServlet.java:970)
	at org.springframework.web.servlet.FrameworkServlet.doGet(FrameworkServlet.java:861)
	at javax.servlet.http.HttpServlet.service(HttpServlet.java:622)
	at org.springframework.web.servlet.FrameworkServlet.service(FrameworkServlet.java:846)
	at javax.servlet.http.HttpServlet.service(HttpServlet.java:729)
	at org.apache.catalina.core.ApplicationFilterChain.internalDoFilter(ApplicationFilterChain.java:230)
	at org.apache.catalina.core.ApplicationFilterChain.doFilter(ApplicationFilterChain.java:165)
	at org.apache.tomcat.websocket.server.WsFilter.doFilter(WsFilter.java:52)
	at org.apache.catalina.core.ApplicationFilterChain.internalDoFilter(ApplicationFilterChain.java:192)
	at org.apache.catalina.core.ApplicationFilterChain.doFilter(ApplicationFilterChain.java:165)
	at org.springframework.web.filter.RequestContextFilter.doFilterInternal(RequestContextFilter.java:99)
	at org.springframework.web.filter.OncePerRequestFilter.doFilter(OncePerRequestFilter.java:107)
	at org.apache.catalina.core.ApplicationFilterChain.internalDoFilter(ApplicationFilterChain.java:192)
	at org.apache.catalina.core.ApplicationFilterChain.doFilter(ApplicationFilterChain.java:165)
	at org.springframework.web.filter.HttpPutFormContentFilter.doFilterInternal(HttpPutFormContentFilter.java:105)
	at org.springframework.web.filter.OncePerRequestFilter.doFilter(OncePerRequestFilter.java:107)
	at org.apache.catalina.core.ApplicationFilterChain.internalDoFilter(ApplicationFilterChain.java:192)
	at org.apache.catalina.core.ApplicationFilterChain.doFilter(ApplicationFilterChain.java:165)
	at org.springframework.web.filter.HiddenHttpMethodFilter.doFilterInternal(HiddenHttpMethodFilter.java:81)
	at org.springframework.web.filter.OncePerRequestFilter.doFilter(OncePerRequestFilter.java:107)
	at org.apache.catalina.core.ApplicationFilterChain.internalDoFilter(ApplicationFilterChain.java:192)
	at org.apache.catalina.core.ApplicationFilterChain.doFilter(ApplicationFilterChain.java:165)
	at org.springframework.web.filter.CharacterEncodingFilter.doFilterInternal(CharacterEncodingFilter.java:197)
	at org.springframework.web.filter.OncePerRequestFilter.doFilter(OncePerRequestFilter.java:107)
	at org.apache.catalina.core.ApplicationFilterChain.internalDoFilter(ApplicationFilterChain.java:192)
	at org.apache.catalina.core.ApplicationFilterChain.doFilter(ApplicationFilterChain.java:165)
	at org.apache.catalina.core.StandardWrapperValve.invoke(StandardWrapperValve.java:198)
	at org.apache.catalina.core.StandardContextValve.invoke(StandardContextValve.java:96)
	at org.apache.catalina.authenticator.AuthenticatorBase.invoke(AuthenticatorBase.java:474)
	at org.apache.catalina.core.StandardHostValve.invoke(StandardHostValve.java:140)
	at org.apache.catalina.valves.ErrorReportValve.invoke(ErrorReportValve.java:79)
	at org.apache.catalina.core.StandardEngineValve.invoke(StandardEngineValve.java:87)
	at org.apache.catalina.connector.CoyoteAdapter.service(CoyoteAdapter.java:349)
	at org.apache.coyote.http11.Http11Processor.service(Http11Processor.java:783)
	at org.apache.coyote.AbstractProcessorLight.process(AbstractProcessorLight.java:66)
	at org.apache.coyote.AbstractProtocol$ConnectionHandler.process(AbstractProtocol.java:798)
	at org.apache.tomcat.util.net.NioEndpoint$SocketProcessor.doRun(NioEndpoint.java:1434)
	at org.apache.tomcat.util.net.SocketProcessorBase.run(SocketProcessorBase.java:49)
	at java.util.concurrent.ThreadPoolExecutor.runWorker(ThreadPoolExecutor.java:1149)
	at java.util.concurrent.ThreadPoolExecutor$Worker.run(ThreadPoolExecutor.java:624)
	at org.apache.tomcat.util.threads.TaskThread$WrappingRunnable.run(TaskThread.java:61)
	at java.lang.Thread.run(Thread.java:748)
2021-08-25 16:54:04.913 [,] [main] INFO  c.qian.HeartDataApp - [logStarting,48] - Starting HeartDataApp on 192.168.0.100 with PID 9267 (/Users/qianhao/Jason/Software/Git/HeartData/HeartDataServer/target/classes started by qianhao in /Users/qianhao/Jason/Software/Git/HeartData/HeartDataServer)
2021-08-25 16:54:04.918 [,] [main] INFO  c.qian.HeartDataApp - [logStartupProfileInfo,637] - No active profile set, falling back to default profiles: default
2021-08-25 16:54:05.447 [,] [background-preinit] INFO  o.h.v.i.util.Version - [<clinit>,30] - HV000001: Hibernate Validator 5.3.4.Final
2021-08-25 16:54:06.539 [,] [main] INFO  o.a.c.c.StandardService - [log,179] - Starting service Tomcat
2021-08-25 16:54:06.541 [,] [main] INFO  o.a.c.c.StandardEngine - [log,179] - Starting Servlet Engine: Apache Tomcat/8.5.11
2021-08-25 16:54:06.651 [,] [localhost-startStop-1] INFO  o.a.c.c.C.[.[.[/] - [log,179] - Initializing Spring embedded WebApplicationContext
2021-08-25 16:54:08.478 [,] [main] INFO  o.a.c.h.Http11NioProtocol - [log,179] - Initializing ProtocolHandler ["http-nio-80"]
2021-08-25 16:54:08.490 [,] [main] INFO  o.a.c.h.Http11NioProtocol - [log,179] - Starting ProtocolHandler [http-nio-80]
2021-08-25 16:54:08.519 [,] [main] INFO  o.a.t.u.n.NioSelectorPool - [log,179] - Using a shared selector for servlet write/read
2021-08-25 16:54:08.547 [,] [main] INFO  c.qian.HeartDataApp - [logStarted,57] - Started HeartDataApp in 4.0 seconds (JVM running for 4.731)
2021-08-25 16:55:57.141 [,] [http-nio-80-exec-1] INFO  o.a.c.c.C.[.[.[/] - [log,179] - Initializing Spring FrameworkServlet 'dispatcherServlet'
2021-08-25 16:55:57.918 [,] [http-nio-80-exec-1] INFO  c.q.c.WxUserController - [wxLogin,43] - UserController/wxLogin, 微信用户接口返回openid：otqoY47Fx98BL1vPWOh_03tRZfJI
2021-08-25 16:56:06.235 [,] [http-nio-80-exec-1] INFO  c.q.c.WxUserController - [wxLogin,67] - UserController/wxLogin, 登陆/注册成功返回peopleid
2021-08-25 16:56:30.163 [,] [http-nio-80-exec-2] INFO  c.q.s.FileService - [saveData,83] - FileService/saveData, 写入文件成功
2021-08-25 16:56:59.723 [,] [http-nio-80-exec-3] INFO  c.q.s.FileService - [saveData,83] - FileService/saveData, 写入文件成功
2021-08-25 16:57:02.841 [,] [http-nio-80-exec-4] INFO  c.q.s.FileService - [saveData,83] - FileService/saveData, 写入文件成功
2021-08-25 16:57:03.838 [,] [http-nio-80-exec-5] INFO  c.q.s.FileService - [saveData,83] - FileService/saveData, 写入文件成功
2021-08-25 16:57:04.612 [,] [http-nio-80-exec-6] INFO  c.q.s.FileService - [saveData,83] - FileService/saveData, 写入文件成功
2021-08-25 16:59:46.763 [,] [main] INFO  c.qian.HeartDataApp - [logStarting,48] - Starting HeartDataApp on 192.168.0.100 with PID 9330 (/Users/qianhao/Jason/Software/Git/HeartData/HeartDataServer/target/classes started by qianhao in /Users/qianhao/Jason/Software/Git/HeartData/HeartDataServer)
2021-08-25 16:59:46.765 [,] [main] INFO  c.qian.HeartDataApp - [logStartupProfileInfo,637] - No active profile set, falling back to default profiles: default
2021-08-25 16:59:47.143 [,] [background-preinit] INFO  o.h.v.i.util.Version - [<clinit>,30] - HV000001: Hibernate Validator 5.3.4.Final
2021-08-25 16:59:47.977 [,] [main] INFO  o.a.c.c.StandardService - [log,179] - Starting service Tomcat
2021-08-25 16:59:47.978 [,] [main] INFO  o.a.c.c.StandardEngine - [log,179] - Starting Servlet Engine: Apache Tomcat/8.5.11
2021-08-25 16:59:48.058 [,] [localhost-startStop-1] INFO  o.a.c.c.C.[.[.[/] - [log,179] - Initializing Spring embedded WebApplicationContext
2021-08-25 16:59:49.232 [,] [main] INFO  o.a.c.h.Http11NioProtocol - [log,179] - Initializing ProtocolHandler ["http-nio-80"]
2021-08-25 16:59:49.243 [,] [main] INFO  o.a.c.h.Http11NioProtocol - [log,179] - Starting ProtocolHandler [http-nio-80]
2021-08-25 16:59:49.264 [,] [main] INFO  o.a.t.u.n.NioSelectorPool - [log,179] - Using a shared selector for servlet write/read
2021-08-25 16:59:49.358 [,] [main] INFO  c.qian.HeartDataApp - [logStarted,57] - Started HeartDataApp in 2.848 seconds (JVM running for 3.261)
2021-08-25 16:59:56.912 [,] [http-nio-80-exec-1] INFO  o.a.c.c.C.[.[.[/] - [log,179] - Initializing Spring FrameworkServlet 'dispatcherServlet'
2021-08-25 16:59:56.951 [,] [http-nio-80-exec-1] INFO  c.q.s.FileService - [saveData,83] - FileService/saveData, 写入文件成功
2021-08-25 16:59:58.032 [,] [http-nio-80-exec-2] INFO  c.q.s.FileService - [saveData,83] - FileService/saveData, 写入文件成功
2021-08-25 16:59:58.447 [,] [http-nio-80-exec-3] INFO  c.q.s.FileService - [saveData,83] - FileService/saveData, 写入文件成功
2021-08-25 17:00:42.296 [,] [http-nio-80-exec-4] INFO  c.q.s.FileService - [saveData,83] - FileService/saveData, 写入文件成功
2021-08-25 17:00:43.601 [,] [http-nio-80-exec-5] INFO  c.q.s.FileService - [saveData,83] - FileService/saveData, 写入文件成功
2021-08-25 17:00:43.782 [,] [http-nio-80-exec-6] INFO  c.q.s.FileService - [saveData,83] - FileService/saveData, 写入文件成功
2021-08-25 17:07:37.839 [,] [main] INFO  c.qian.HeartDataApp - [logStarting,48] - Starting HeartDataApp on 192.168.0.100 with PID 9453 (/Users/qianhao/Jason/Software/Git/HeartData/HeartDataServer/target/classes started by qianhao in /Users/qianhao/Jason/Software/Git/HeartData/HeartDataServer)
2021-08-25 17:07:37.842 [,] [main] INFO  c.qian.HeartDataApp - [logStartupProfileInfo,637] - No active profile set, falling back to default profiles: default
2021-08-25 17:07:38.219 [,] [background-preinit] INFO  o.h.v.i.util.Version - [<clinit>,30] - HV000001: Hibernate Validator 5.3.4.Final
2021-08-25 17:07:39.036 [,] [main] INFO  o.a.c.c.StandardService - [log,179] - Starting service Tomcat
2021-08-25 17:07:39.037 [,] [main] INFO  o.a.c.c.StandardEngine - [log,179] - Starting Servlet Engine: Apache Tomcat/8.5.11
2021-08-25 17:07:39.125 [,] [localhost-startStop-1] INFO  o.a.c.c.C.[.[.[/] - [log,179] - Initializing Spring embedded WebApplicationContext
2021-08-25 17:07:40.203 [,] [main] INFO  o.a.c.h.Http11NioProtocol - [log,179] - Initializing ProtocolHandler ["http-nio-80"]
2021-08-25 17:07:40.212 [,] [main] INFO  o.a.c.h.Http11NioProtocol - [log,179] - Starting ProtocolHandler [http-nio-80]
2021-08-25 17:07:40.230 [,] [main] INFO  o.a.t.u.n.NioSelectorPool - [log,179] - Using a shared selector for servlet write/read
2021-08-25 17:07:40.315 [,] [main] INFO  c.qian.HeartDataApp - [logStarted,57] - Started HeartDataApp in 2.745 seconds (JVM running for 3.163)
2021-08-25 17:07:46.104 [,] [http-nio-80-exec-1] INFO  o.a.c.c.C.[.[.[/] - [log,179] - Initializing Spring FrameworkServlet 'dispatcherServlet'
2021-08-25 17:07:46.787 [,] [http-nio-80-exec-1] INFO  c.q.c.WxUserController - [wxLogin,43] - UserController/wxLogin, 微信用户接口返回openid：otqoY47Fx98BL1vPWOh_03tRZfJI
2021-08-25 17:07:47.180 [,] [http-nio-80-exec-1] INFO  c.q.c.WxUserController - [wxLogin,67] - UserController/wxLogin, 登陆/注册成功返回peopleid
2021-08-25 17:07:48.445 [,] [http-nio-80-exec-2] INFO  c.q.s.FileService - [saveData,84] - FileService/saveData, 写入文件成功
2021-08-25 17:07:49.320 [,] [http-nio-80-exec-3] INFO  c.q.s.FileService - [saveData,84] - FileService/saveData, 写入文件成功
2021-08-25 17:07:49.603 [,] [http-nio-80-exec-4] INFO  c.q.s.FileService - [saveData,84] - FileService/saveData, 写入文件成功
2021-08-25 17:07:49.871 [,] [http-nio-80-exec-5] INFO  c.q.s.FileService - [saveData,84] - FileService/saveData, 写入文件成功
2021-08-25 17:09:50.693 [,] [main] INFO  c.qian.HeartDataApp - [logStarting,48] - Starting HeartDataApp on 192.168.0.100 with PID 9484 (/Users/qianhao/Jason/Software/Git/HeartData/HeartDataServer/target/classes started by qianhao in /Users/qianhao/Jason/Software/Git/HeartData/HeartDataServer)
2021-08-25 17:09:50.696 [,] [main] INFO  c.qian.HeartDataApp - [logStartupProfileInfo,637] - No active profile set, falling back to default profiles: default
2021-08-25 17:09:51.072 [,] [background-preinit] INFO  o.h.v.i.util.Version - [<clinit>,30] - HV000001: Hibernate Validator 5.3.4.Final
2021-08-25 17:09:51.939 [,] [main] INFO  o.a.c.c.StandardService - [log,179] - Starting service Tomcat
2021-08-25 17:09:51.940 [,] [main] INFO  o.a.c.c.StandardEngine - [log,179] - Starting Servlet Engine: Apache Tomcat/8.5.11
2021-08-25 17:09:52.029 [,] [localhost-startStop-1] INFO  o.a.c.c.C.[.[.[/] - [log,179] - Initializing Spring embedded WebApplicationContext
2021-08-25 17:09:53.297 [,] [main] INFO  o.a.c.h.Http11NioProtocol - [log,179] - Initializing ProtocolHandler ["http-nio-80"]
2021-08-25 17:09:53.307 [,] [main] INFO  o.a.c.h.Http11NioProtocol - [log,179] - Starting ProtocolHandler [http-nio-80]
2021-08-25 17:09:53.327 [,] [main] INFO  o.a.t.u.n.NioSelectorPool - [log,179] - Using a shared selector for servlet write/read
2021-08-25 17:09:53.418 [,] [main] INFO  c.qian.HeartDataApp - [logStarted,57] - Started HeartDataApp in 2.982 seconds (JVM running for 3.394)
2021-08-25 17:09:57.507 [,] [http-nio-80-exec-1] INFO  o.a.c.c.C.[.[.[/] - [log,179] - Initializing Spring FrameworkServlet 'dispatcherServlet'
2021-08-25 17:09:57.551 [,] [http-nio-80-exec-1] INFO  c.q.s.FileService - [saveData,84] - FileService/saveData, 写入文件成功
2021-08-25 17:10:09.551 [,] [http-nio-80-exec-2] INFO  c.q.s.FileService - [saveData,84] - FileService/saveData, 写入文件成功
2021-08-25 17:10:09.750 [,] [http-nio-80-exec-3] INFO  c.q.s.FileService - [saveData,84] - FileService/saveData, 写入文件成功
2021-08-25 17:10:09.941 [,] [http-nio-80-exec-4] INFO  c.q.s.FileService - [saveData,84] - FileService/saveData, 写入文件成功
2021-08-25 17:10:10.145 [,] [http-nio-80-exec-5] INFO  c.q.s.FileService - [saveData,84] - FileService/saveData, 写入文件成功
2021-08-25 17:10:10.352 [,] [http-nio-80-exec-6] INFO  c.q.s.FileService - [saveData,84] - FileService/saveData, 写入文件成功
2021-08-25 17:10:14.729 [,] [http-nio-80-exec-7] INFO  c.q.s.FileService - [saveData,84] - FileService/saveData, 写入文件成功
2021-08-25 17:10:14.960 [,] [http-nio-80-exec-8] INFO  c.q.s.FileService - [saveData,84] - FileService/saveData, 写入文件成功
2021-08-25 17:10:15.147 [,] [http-nio-80-exec-9] INFO  c.q.s.FileService - [saveData,84] - FileService/saveData, 写入文件成功
2021-08-25 17:10:15.352 [,] [http-nio-80-exec-10] INFO  c.q.s.FileService - [saveData,84] - FileService/saveData, 写入文件成功
2021-08-25 17:10:15.561 [,] [http-nio-80-exec-1] INFO  c.q.s.FileService - [saveData,84] - FileService/saveData, 写入文件成功
2021-08-25 17:10:15.741 [,] [http-nio-80-exec-2] INFO  c.q.s.FileService - [saveData,84] - FileService/saveData, 写入文件成功
2021-08-25 17:10:15.945 [,] [http-nio-80-exec-3] INFO  c.q.s.FileService - [saveData,84] - FileService/saveData, 写入文件成功
2021-08-25 17:10:16.141 [,] [http-nio-80-exec-4] INFO  c.q.s.FileService - [saveData,84] - FileService/saveData, 写入文件成功
2021-08-25 17:10:16.345 [,] [http-nio-80-exec-5] INFO  c.q.s.FileService - [saveData,84] - FileService/saveData, 写入文件成功
2021-08-25 17:23:57.727 [,] [main] INFO  c.qian.HeartDataApp - [logStarting,48] - Starting HeartDataApp on 192.168.0.100 with PID 9530 (/Users/qianhao/Jason/Software/Git/HeartData/HeartDataServer/target/classes started by qianhao in /Users/qianhao/Jason/Software/Git/HeartData/HeartDataServer)
2021-08-25 17:23:57.731 [,] [main] INFO  c.qian.HeartDataApp - [logStartupProfileInfo,637] - No active profile set, falling back to default profiles: default
2021-08-25 17:23:58.088 [,] [background-preinit] INFO  o.h.v.i.util.Version - [<clinit>,30] - HV000001: Hibernate Validator 5.3.4.Final
2021-08-25 17:23:59.046 [,] [main] INFO  o.a.c.c.StandardService - [log,179] - Starting service Tomcat
2021-08-25 17:23:59.048 [,] [main] INFO  o.a.c.c.StandardEngine - [log,179] - Starting Servlet Engine: Apache Tomcat/8.5.11
2021-08-25 17:23:59.146 [,] [localhost-startStop-1] INFO  o.a.c.c.C.[.[.[/] - [log,179] - Initializing Spring embedded WebApplicationContext
2021-08-25 17:24:00.414 [,] [main] INFO  o.a.c.h.Http11NioProtocol - [log,179] - Initializing ProtocolHandler ["http-nio-80"]
2021-08-25 17:24:00.425 [,] [main] INFO  o.a.c.h.Http11NioProtocol - [log,179] - Starting ProtocolHandler [http-nio-80]
2021-08-25 17:24:00.444 [,] [main] INFO  o.a.t.u.n.NioSelectorPool - [log,179] - Using a shared selector for servlet write/read
2021-08-25 17:24:00.536 [,] [main] INFO  c.qian.HeartDataApp - [logStarted,57] - Started HeartDataApp in 3.091 seconds (JVM running for 3.504)
2021-08-25 17:24:05.735 [,] [http-nio-80-exec-1] INFO  o.a.c.c.C.[.[.[/] - [log,179] - Initializing Spring FrameworkServlet 'dispatcherServlet'
2021-08-25 17:24:06.426 [,] [http-nio-80-exec-1] INFO  c.q.c.WxUserController - [wxLogin,43] - UserController/wxLogin, 微信用户接口返回openid：otqoY47Fx98BL1vPWOh_03tRZfJI
2021-08-25 17:24:06.789 [,] [http-nio-80-exec-1] INFO  c.q.c.WxUserController - [wxLogin,67] - UserController/wxLogin, 登陆/注册成功返回peopleid
2021-08-25 17:24:12.134 [,] [http-nio-80-exec-2] INFO  c.q.s.FileService - [isExist,140] - FileService/isExist, 创建文件夹: ../test/heartFils/1/2021/08/25
2021-08-25 17:24:12.135 [,] [http-nio-80-exec-2] INFO  c.q.s.FileService - [saveData,85] - FileService/saveData, 写入文件成功
2021-08-25 17:26:08.909 [,] [main] INFO  c.qian.HeartDataApp - [logStarting,48] - Starting HeartDataApp on 192.168.0.100 with PID 9538 (/Users/qianhao/Jason/Software/Git/HeartData/HeartDataServer/target/classes started by qianhao in /Users/qianhao/Jason/Software/Git/HeartData/HeartDataServer)
2021-08-25 17:26:08.912 [,] [main] INFO  c.qian.HeartDataApp - [logStartupProfileInfo,637] - No active profile set, falling back to default profiles: default
2021-08-25 17:26:09.363 [,] [background-preinit] INFO  o.h.v.i.util.Version - [<clinit>,30] - HV000001: Hibernate Validator 5.3.4.Final
2021-08-25 17:26:10.355 [,] [main] INFO  o.a.c.c.StandardService - [log,179] - Starting service Tomcat
2021-08-25 17:26:10.357 [,] [main] INFO  o.a.c.c.StandardEngine - [log,179] - Starting Servlet Engine: Apache Tomcat/8.5.11
2021-08-25 17:26:10.459 [,] [localhost-startStop-1] INFO  o.a.c.c.C.[.[.[/] - [log,179] - Initializing Spring embedded WebApplicationContext
2021-08-25 17:26:11.594 [,] [main] INFO  o.a.c.h.Http11NioProtocol - [log,179] - Initializing ProtocolHandler ["http-nio-80"]
2021-08-25 17:26:11.606 [,] [main] INFO  o.a.c.h.Http11NioProtocol - [log,179] - Starting ProtocolHandler [http-nio-80]
2021-08-25 17:26:11.626 [,] [main] INFO  o.a.t.u.n.NioSelectorPool - [log,179] - Using a shared selector for servlet write/read
2021-08-25 17:26:11.643 [,] [main] INFO  c.qian.HeartDataApp - [logStarted,57] - Started HeartDataApp in 2.996 seconds (JVM running for 3.401)
2021-08-25 17:26:22.837 [,] [http-nio-80-exec-1] INFO  o.a.c.c.C.[.[.[/] - [log,179] - Initializing Spring FrameworkServlet 'dispatcherServlet'
2021-08-25 17:26:23.517 [,] [http-nio-80-exec-1] INFO  c.q.c.WxUserController - [wxLogin,43] - UserController/wxLogin, 微信用户接口返回openid：otqoY47Fx98BL1vPWOh_03tRZfJI
2021-08-25 17:26:23.882 [,] [http-nio-80-exec-1] INFO  c.q.c.WxUserController - [wxLogin,67] - UserController/wxLogin, 登陆/注册成功返回peopleid
2021-08-25 17:26:25.074 [,] [http-nio-80-exec-2] INFO  c.q.s.FileService - [saveData,85] - FileService/saveData, 写入文件成功
2021-08-25 17:26:36.962 [,] [http-nio-80-exec-3] INFO  c.q.s.FileService - [saveData,85] - FileService/saveData, 写入文件成功
2021-08-25 17:26:37.226 [,] [http-nio-80-exec-4] INFO  c.q.s.FileService - [saveData,85] - FileService/saveData, 写入文件成功
2021-08-25 17:26:37.424 [,] [http-nio-80-exec-5] INFO  c.q.s.FileService - [saveData,85] - FileService/saveData, 写入文件成功
2021-08-25 17:26:37.626 [,] [http-nio-80-exec-6] INFO  c.q.s.FileService - [saveData,85] - FileService/saveData, 写入文件成功
2021-08-25 17:26:43.649 [,] [http-nio-80-exec-7] INFO  c.q.s.FileService - [saveData,85] - FileService/saveData, 写入文件成功
2021-08-25 17:26:43.846 [,] [http-nio-80-exec-8] INFO  c.q.s.FileService - [saveData,85] - FileService/saveData, 写入文件成功
2021-08-25 17:26:44.032 [,] [http-nio-80-exec-9] INFO  c.q.s.FileService - [saveData,85] - FileService/saveData, 写入文件成功
2021-08-25 17:26:44.221 [,] [http-nio-80-exec-10] INFO  c.q.s.FileService - [saveData,85] - FileService/saveData, 写入文件成功
2021-08-25 17:26:44.421 [,] [http-nio-80-exec-1] INFO  c.q.s.FileService - [saveData,85] - FileService/saveData, 写入文件成功
2021-08-25 17:26:44.618 [,] [http-nio-80-exec-2] INFO  c.q.s.FileService - [saveData,85] - FileService/saveData, 写入文件成功
2021-08-25 17:26:44.829 [,] [http-nio-80-exec-3] INFO  c.q.s.FileService - [saveData,85] - FileService/saveData, 写入文件成功
2021-08-25 17:26:45.021 [,] [http-nio-80-exec-4] INFO  c.q.s.FileService - [saveData,85] - FileService/saveData, 写入文件成功
2021-08-25 17:26:56.066 [,] [http-nio-80-exec-5] INFO  c.q.s.FileService - [saveData,85] - FileService/saveData, 写入文件成功
2021-08-25 17:26:56.179 [,] [http-nio-80-exec-6] INFO  c.q.s.FileService - [saveData,85] - FileService/saveData, 写入文件成功
2021-08-25 17:26:56.373 [,] [http-nio-80-exec-7] INFO  c.q.s.FileService - [saveData,85] - FileService/saveData, 写入文件成功
2021-08-25 17:26:56.563 [,] [http-nio-80-exec-8] INFO  c.q.s.FileService - [saveData,85] - FileService/saveData, 写入文件成功
2021-08-25 17:26:56.761 [,] [http-nio-80-exec-9] INFO  c.q.s.FileService - [saveData,85] - FileService/saveData, 写入文件成功
2021-08-25 17:26:56.977 [,] [http-nio-80-exec-10] INFO  c.q.s.FileService - [saveData,85] - FileService/saveData, 写入文件成功
2021-08-25 17:26:57.145 [,] [http-nio-80-exec-1] INFO  c.q.s.FileService - [saveData,85] - FileService/saveData, 写入文件成功
