2021-08-31 15:59:10.509 [,] [main] INFO  c.qian.HeartDataApp - [logStarting,48] - Starting HeartDataApp on 192.168.0.100 with PID 20631 (/Users/qianhao/Jason/Software/Git/HeartData/HeartDataServer/target/classes started by qianhao in /Users/qianhao/Jason/Software/Git/HeartData/HeartDataServer)
2021-08-31 15:59:10.522 [,] [main] INFO  c.qian.HeartDataApp - [logStartupProfileInfo,637] - No active profile set, falling back to default profiles: default
2021-08-31 15:59:11.110 [,] [background-preinit] INFO  o.h.v.i.util.Version - [<clinit>,30] - HV000001: Hibernate Validator 5.3.4.Final
2021-08-31 15:59:12.086 [,] [main] INFO  o.a.c.c.StandardService - [log,179] - Starting service Tomcat
2021-08-31 15:59:12.087 [,] [main] INFO  o.a.c.c.StandardEngine - [log,179] - Starting Servlet Engine: Apache Tomcat/8.5.11
2021-08-31 15:59:12.194 [,] [localhost-startStop-1] INFO  o.a.c.c.C.[.[.[/] - [log,179] - Initializing Spring embedded WebApplicationContext
2021-08-31 15:59:13.476 [,] [main] INFO  o.a.c.h.Http11NioProtocol - [log,179] - Initializing ProtocolHandler ["http-nio-80"]
2021-08-31 15:59:13.488 [,] [main] INFO  o.a.c.h.Http11NioProtocol - [log,179] - Starting ProtocolHandler [http-nio-80]
2021-08-31 15:59:13.582 [,] [main] INFO  o.a.t.u.n.NioSelectorPool - [log,179] - Using a shared selector for servlet write/read
2021-08-31 15:59:13.602 [,] [main] INFO  c.qian.HeartDataApp - [logStarted,57] - Started HeartDataApp in 3.532 seconds (JVM running for 4.163)
2021-08-31 15:59:19.087 [,] [http-nio-80-exec-1] INFO  o.a.c.c.C.[.[.[/] - [log,179] - Initializing Spring FrameworkServlet 'dispatcherServlet'
2021-08-31 15:59:20.031 [,] [http-nio-80-exec-1] INFO  c.q.c.WxUserController - [wxLogin,43] - UserController/wxLogin, 微信用户接口返回openid：otqoY47Fx98BL1vPWOh_03tRZfJI
2021-08-31 15:59:20.714 [,] [http-nio-80-exec-1] INFO  c.q.c.WxUserController - [wxLogin,67] - UserController/wxLogin, 登陆/注册成功返回peopleid
2021-08-31 16:01:35.456 [,] [main] INFO  c.qian.HeartDataApp - [logStarting,48] - Starting HeartDataApp on 192.168.0.100 with PID 20662 (/Users/qianhao/Jason/Software/Git/HeartData/HeartDataServer/target/classes started by qianhao in /Users/qianhao/Jason/Software/Git/HeartData/HeartDataServer)
2021-08-31 16:01:35.459 [,] [main] INFO  c.qian.HeartDataApp - [logStartupProfileInfo,637] - No active profile set, falling back to default profiles: default
2021-08-31 16:01:35.837 [,] [background-preinit] INFO  o.h.v.i.util.Version - [<clinit>,30] - HV000001: Hibernate Validator 5.3.4.Final
2021-08-31 16:01:36.739 [,] [main] INFO  o.a.c.c.StandardService - [log,179] - Starting service Tomcat
2021-08-31 16:01:36.740 [,] [main] INFO  o.a.c.c.StandardEngine - [log,179] - Starting Servlet Engine: Apache Tomcat/8.5.11
2021-08-31 16:01:36.839 [,] [localhost-startStop-1] INFO  o.a.c.c.C.[.[.[/] - [log,179] - Initializing Spring embedded WebApplicationContext
2021-08-31 16:01:37.937 [,] [main] INFO  o.a.c.h.Http11NioProtocol - [log,179] - Initializing ProtocolHandler ["http-nio-80"]
2021-08-31 16:01:37.946 [,] [main] INFO  o.a.c.h.Http11NioProtocol - [log,179] - Starting ProtocolHandler [http-nio-80]
2021-08-31 16:01:37.965 [,] [main] INFO  o.a.t.u.n.NioSelectorPool - [log,179] - Using a shared selector for servlet write/read
2021-08-31 16:01:38.052 [,] [main] INFO  c.qian.HeartDataApp - [logStarted,57] - Started HeartDataApp in 2.913 seconds (JVM running for 3.344)
2021-08-31 16:01:43.524 [,] [http-nio-80-exec-1] INFO  o.a.c.c.C.[.[.[/] - [log,179] - Initializing Spring FrameworkServlet 'dispatcherServlet'
2021-08-31 16:01:44.193 [,] [http-nio-80-exec-1] INFO  c.q.c.WxUserController - [wxLogin,43] - UserController/wxLogin, 微信用户接口返回openid：otqoY47Fx98BL1vPWOh_03tRZfJI
2021-08-31 16:01:44.581 [,] [http-nio-80-exec-1] INFO  c.q.c.WxUserController - [wxLogin,67] - UserController/wxLogin, 登陆/注册成功返回peopleid
2021-08-31 16:01:46.186 [,] [http-nio-80-exec-2] INFO  c.q.s.ReportService - [getSummryReport,56] - ReportService/getSummryReport, 获取健康报告成功{"data":[{"month":[{"imgurl":"/static/imgs/reports/riqi11.png","description":"11月报告，良好","title":"11月报告","analysis":{"HealthIndex":8.0},"m":11},{"imgurl":"/static/imgs/reports/riqi12.png","description":"12月报告，良好","title":"12月报告","analysis":{"HealthIndex":8.2},"m":12}],"year":"2020"},{"month":[{"imgurl":"/static/imgs/reports/riqi1.png","description":"01月报告，良好","title":"01月报告","analysis":{"HealthIndex":7.9},"m":1},{"imgurl":"/static/imgs/reports/riqi2.png","description":"02月报告，良好","title":"02月报告","analysis":{"HealthIndex":7.9},"m":2}],"year":"2021"}]}
2021-08-31 16:01:46.187 [,] [http-nio-80-exec-2] INFO  c.q.c.ReportController - [getReport,34] - ReportController/getReport, 报告获取成功
2021-08-31 16:01:50.767 [,] [http-nio-80-exec-3] INFO  c.q.s.ReportService - [getYearReport,88] - ReportService/getYearReport, 获取年度健康报告成功{"data":[{"month":[{"imgurl":"/static/imgs/reports/riqi1.png","description":"01月报告，良好","title":"01月报告","analysis":{"HealthIndex":7.9},"m":1},{"imgurl":"/static/imgs/reports/riqi2.png","description":"02月报告，良好","title":"02月报告","analysis":{"HealthIndex":7.9},"m":2},{"imgurl":"/static/imgs/reports/riqi3.png","description":"03月报告，良好","title":"03月报告","analysis":{"HealthIndex":7.9},"m":3},{"imgurl":"/static/imgs/reports/riqi4.png","description":"04月报告，良好","title":"04月报告","analysis":{"HealthIndex":7.9},"m":4},{"imgurl":"/static/imgs/reports/riqi5.png","description":"05月报告，良好","title":"05月报告","analysis":{"HealthIndex":7.9},"m":5},{"imgurl":"/static/imgs/reports/riqi6.png","description":"06月报告，良好","title":"06月报告","analysis":{"HealthIndex":7.9},"m":6},{"imgurl":"/static/imgs/reports/riqi7.png","description":"07月报告，良好","title":"07月报告","analysis":{"HealthIndex":7.9},"m":7},{"imgurl":"/static/imgs/reports/riqi8.png","description":"08月报告，良好","title":"08月报告","analysis":{"HealthIndex":8.3},"m":8}],"year":"2021"}]}
2021-08-31 16:01:50.767 [,] [http-nio-80-exec-3] INFO  c.q.c.ReportController - [getYearReport,53] - ReportController/getYearReport, 报告获取成功
2021-08-31 16:02:52.434 [,] [http-nio-80-exec-5] INFO  c.q.c.WxUserController - [wxLogin,43] - UserController/wxLogin, 微信用户接口返回openid：otqoY47Fx98BL1vPWOh_03tRZfJI
2021-08-31 16:02:52.439 [,] [http-nio-80-exec-5] INFO  c.q.c.WxUserController - [wxLogin,67] - UserController/wxLogin, 登陆/注册成功返回peopleid
2021-08-31 16:02:53.713 [,] [http-nio-80-exec-6] INFO  c.q.s.ReportService - [getSummryReport,56] - ReportService/getSummryReport, 获取健康报告成功{"data":[{"month":[{"imgurl":"/static/imgs/reports/riqi11.png","description":"11月报告，良好","title":"11月报告","analysis":{"HealthIndex":8.0},"m":11},{"imgurl":"/static/imgs/reports/riqi12.png","description":"12月报告，良好","title":"12月报告","analysis":{"HealthIndex":8.2},"m":12}],"year":"2020"},{"month":[{"imgurl":"/static/imgs/reports/riqi1.png","description":"01月报告，良好","title":"01月报告","analysis":{"HealthIndex":7.9},"m":1},{"imgurl":"/static/imgs/reports/riqi2.png","description":"02月报告，良好","title":"02月报告","analysis":{"HealthIndex":7.9},"m":2}],"year":"2021"}]}
2021-08-31 16:02:53.713 [,] [http-nio-80-exec-6] INFO  c.q.c.ReportController - [getReport,34] - ReportController/getReport, 报告获取成功
2021-08-31 16:02:55.345 [,] [http-nio-80-exec-7] INFO  c.q.s.ReportService - [getYearReport,88] - ReportService/getYearReport, 获取年度健康报告成功{"data":[{"month":[{"imgurl":"/static/imgs/reports/riqi1.png","description":"01月报告，良好","title":"01月报告","analysis":{"HealthIndex":7.9},"m":1},{"imgurl":"/static/imgs/reports/riqi2.png","description":"02月报告，良好","title":"02月报告","analysis":{"HealthIndex":7.9},"m":2},{"imgurl":"/static/imgs/reports/riqi3.png","description":"03月报告，良好","title":"03月报告","analysis":{"HealthIndex":7.9},"m":3},{"imgurl":"/static/imgs/reports/riqi4.png","description":"04月报告，良好","title":"04月报告","analysis":{"HealthIndex":7.9},"m":4},{"imgurl":"/static/imgs/reports/riqi5.png","description":"05月报告，良好","title":"05月报告","analysis":{"HealthIndex":7.9},"m":5},{"imgurl":"/static/imgs/reports/riqi6.png","description":"06月报告，良好","title":"06月报告","analysis":{"HealthIndex":7.9},"m":6},{"imgurl":"/static/imgs/reports/riqi7.png","description":"07月报告，良好","title":"07月报告","analysis":{"HealthIndex":7.9},"m":7},{"imgurl":"/static/imgs/reports/riqi8.png","description":"08月报告，良好","title":"08月报告","analysis":{"HealthIndex":8.3},"m":8}],"year":"2021"}]}
2021-08-31 16:02:55.346 [,] [http-nio-80-exec-7] INFO  c.q.c.ReportController - [getYearReport,53] - ReportController/getYearReport, 报告获取成功
2021-08-31 16:02:59.074 [,] [http-nio-80-exec-8] INFO  c.q.s.ReportService - [getMonthReport,124] - ReportService/getMonthReport, 获取详细月健康报告成功{"data":[{"month":[{"imgurl":"/static/imgs/reports/riqi8.png","dayLists":[{"d":1,"healthIndex":9,"id":1,"imgurl":"/static/imgs/reports/riqi1.png","m":8,"pepoleId":1,"used":true,"y":2021},{"d":2,"healthIndex":9,"id":2,"imgurl":"/static/imgs/reports/riqi2.png","m":8,"pepoleId":1,"used":true,"y":2021},{"d":3,"healthIndex":9,"id":3,"imgurl":"/static/imgs/reports/riqi3.png","m":8,"pepoleId":1,"used":true,"y":2021},{"d":4,"healthIndex":7,"id":4,"imgurl":"/static/imgs/reports/riqi4.png","m":8,"pepoleId":1,"used":false,"y":2021},{"d":5,"healthIndex":9,"id":5,"imgurl":"/static/imgs/reports/riqi5.png","m":8,"pepoleId":1,"used":true,"y":2021},{"d":6,"healthIndex":8,"id":6,"imgurl":"/static/imgs/reports/riqi6.png","m":8,"pepoleId":1,"used":true,"y":2021},{"d":7,"healthIndex":9,"id":7,"imgurl":"/static/imgs/reports/riqi7.png","m":8,"pepoleId":1,"used":false,"y":2021},{"d":8,"healthIndex":9,"id":8,"imgurl":"/static/imgs/reports/riqi8.png","m":8,"pepoleId":1,"used":true,"y":2021},{"d":9,"healthIndex":9,"id":9,"imgurl":"/static/imgs/reports/riqi9.png","m":8,"pepoleId":1,"used":true,"y":2021},{"d":10,"healthIndex":9,"id":10,"imgurl":"/static/imgs/reports/riqi10.png","m":8,"pepoleId":1,"used":false,"y":2021},{"d":11,"healthIndex":9,"id":11,"imgurl":"/static/imgs/reports/riqi11.png","m":8,"pepoleId":1,"used":true,"y":2021},{"d":12,"healthIndex":9,"id":12,"imgurl":"/static/imgs/reports/riqi12.png","m":8,"pepoleId":1,"used":true,"y":2021},{"d":13,"healthIndex":9,"id":13,"imgurl":"/static/imgs/reports/riqi13.png","m":8,"pepoleId":1,"used":true,"y":2021},{"d":14,"healthIndex":9,"id":14,"imgurl":"/static/imgs/reports/riqi14.png","m":8,"pepoleId":1,"used":true,"y":2021},{"d":15,"healthIndex":10,"id":15,"imgurl":"/static/imgs/reports/riqi15.png","m":8,"pepoleId":1,"used":true,"y":2021},{"d":16,"healthIndex":9,"id":16,"imgurl":"/static/imgs/reports/riqi16.png","m":8,"pepoleId":1,"used":false,"y":2021}],"description":"08月报告，良好","title":"08月报告","analysis":{"HealthIndex":8.3},"m":8}],"year":"2021"}]}
2021-08-31 16:02:59.075 [,] [http-nio-80-exec-8] INFO  c.q.c.ReportController - [getMonthReport,72] - ReportController/getMonthReport, 报告获取成功
2021-08-31 16:03:05.229 [,] [http-nio-80-exec-9] INFO  c.q.s.ReportService - [getDayReport,167] - ReportService/getDayReport, 获取详细日健康报告成功{"data":[{"month":[{"dayLists":[{"d":16,"fileReportLists":[],"healthIndex":9,"id":16,"imgurl":"/static/imgs/reports/riqi16.png","m":8,"pepoleId":1,"used":false,"y":2021}],"analysis":{"HealthIndex":0.0},"m":0}],"year":"2021"}]}
2021-08-31 16:03:05.230 [,] [http-nio-80-exec-9] INFO  c.q.c.ReportController - [getDayReport,91] - ReportController/getDayReport, 报告获取成功
2021-08-31 16:03:16.654 [,] [http-nio-80-exec-10] INFO  c.q.s.ReportService - [getDayReport,167] - ReportService/getDayReport, 获取详细日健康报告成功{"data":[{"month":[{"dayLists":[{"d":8,"fileReportLists":[],"healthIndex":9,"id":8,"imgurl":"/static/imgs/reports/riqi8.png","m":8,"pepoleId":1,"used":true,"y":2021}],"analysis":{"HealthIndex":0.0},"m":0}],"year":"2021"}]}
2021-08-31 16:03:16.655 [,] [http-nio-80-exec-10] INFO  c.q.c.ReportController - [getDayReport,91] - ReportController/getDayReport, 报告获取成功
2021-08-31 16:04:58.232 [,] [http-nio-80-exec-2] INFO  c.q.s.ReportService - [getDayReport,167] - ReportService/getDayReport, 获取详细日健康报告成功{"data":[{"month":[{"dayLists":[{"d":15,"fileReportLists":[{"avgBeat":72,"d":15,"endTime":"2021-08-15 09:30:00","id":1,"m":8,"pepoleId":1,"startTime":"2021-08-15 09:00:00","y":2021},{"avgBeat":75,"d":15,"endTime":"2021-08-15 13:00:00","id":2,"m":8,"pepoleId":1,"startTime":"2021-08-15 12:30:00","y":2021},{"avgBeat":73,"d":15,"endTime":"2021-08-15 18:30:00","id":3,"m":8,"pepoleId":1,"startTime":"2021-08-15 18:00:00","y":2021}],"healthIndex":10,"id":15,"imgurl":"/static/imgs/reports/riqi15.png","m":8,"pepoleId":1,"used":true,"y":2021}],"analysis":{"HealthIndex":0.0},"m":0}],"year":"2021"}]}
2021-08-31 16:04:58.234 [,] [http-nio-80-exec-2] INFO  c.q.c.ReportController - [getDayReport,91] - ReportController/getDayReport, 报告获取成功
2021-08-31 16:56:53.816 [,] [main] INFO  c.qian.HeartDataApp - [logStarting,48] - Starting HeartDataApp v0.0.1-SNAPSHOT on 192.168.0.100 with PID 21371 (/Users/qianhao/Jason/Software/Git/HeartData/HeartDataServer/target/HeartData-0.0.1-SNAPSHOT.jar started by qianhao in /Users/qianhao)
2021-08-31 16:56:53.822 [,] [main] INFO  c.qian.HeartDataApp - [logStartupProfileInfo,637] - No active profile set, falling back to default profiles: default
2021-08-31 16:56:54.308 [,] [background-preinit] INFO  o.h.v.i.util.Version - [<clinit>,30] - HV000001: Hibernate Validator 5.3.4.Final
2021-08-31 16:56:55.392 [,] [main] INFO  o.a.c.c.StandardService - [log,179] - Starting service Tomcat
2021-08-31 16:56:55.394 [,] [main] INFO  o.a.c.c.StandardEngine - [log,179] - Starting Servlet Engine: Apache Tomcat/8.5.11
2021-08-31 16:56:55.476 [,] [localhost-startStop-1] INFO  o.a.c.c.C.[.[.[/] - [log,179] - Initializing Spring embedded WebApplicationContext
2021-08-31 16:56:56.813 [,] [main] INFO  o.a.c.h.Http11NioProtocol - [log,179] - Initializing ProtocolHandler ["http-nio-80"]
2021-08-31 16:56:56.910 [,] [main] INFO  o.a.c.h.Http11NioProtocol - [log,179] - Starting ProtocolHandler [http-nio-80]
2021-08-31 16:56:56.927 [,] [main] INFO  o.a.t.u.n.NioSelectorPool - [log,179] - Using a shared selector for servlet write/read
2021-08-31 16:56:56.951 [,] [main] INFO  c.qian.HeartDataApp - [logStarted,57] - Started HeartDataApp in 3.524 seconds (JVM running for 4.096)
2021-08-31 16:57:43.185 [,] [main] INFO  c.qian.HeartDataApp - [logStarting,48] - Starting HeartDataApp v0.0.1-SNAPSHOT on 192.168.0.100 with PID 21409 (/Users/qianhao/Jason/Software/Git/HeartData/test/HeartData-reportAndDatatransport-v0.1.jar started by qianhao in /Users/qianhao)
2021-08-31 16:57:43.190 [,] [main] INFO  c.qian.HeartDataApp - [logStartupProfileInfo,637] - No active profile set, falling back to default profiles: default
2021-08-31 16:57:43.659 [,] [background-preinit] INFO  o.h.v.i.util.Version - [<clinit>,30] - HV000001: Hibernate Validator 5.3.4.Final
2021-08-31 16:57:44.953 [,] [main] INFO  o.a.c.c.StandardService - [log,179] - Starting service Tomcat
2021-08-31 16:57:44.955 [,] [main] INFO  o.a.c.c.StandardEngine - [log,179] - Starting Servlet Engine: Apache Tomcat/8.5.11
2021-08-31 16:57:45.057 [,] [localhost-startStop-1] INFO  o.a.c.c.C.[.[.[/] - [log,179] - Initializing Spring embedded WebApplicationContext
2021-08-31 16:57:46.564 [,] [main] INFO  o.a.c.h.Http11NioProtocol - [log,179] - Initializing ProtocolHandler ["http-nio-80"]
2021-08-31 16:57:46.576 [,] [main] INFO  o.a.c.h.Http11NioProtocol - [log,179] - Starting ProtocolHandler [http-nio-80]
2021-08-31 16:57:46.687 [,] [main] INFO  o.a.t.u.n.NioSelectorPool - [log,179] - Using a shared selector for servlet write/read
2021-08-31 16:57:46.712 [,] [main] INFO  c.qian.HeartDataApp - [logStarted,57] - Started HeartDataApp in 3.998 seconds (JVM running for 4.754)
2021-08-31 16:58:15.311 [,] [http-nio-80-exec-1] INFO  o.a.c.c.C.[.[.[/] - [log,179] - Initializing Spring FrameworkServlet 'dispatcherServlet'
2021-08-31 16:58:16.181 [,] [http-nio-80-exec-1] INFO  c.q.c.WxUserController - [wxLogin,43] - UserController/wxLogin, 微信用户接口返回openid：otqoY47Fx98BL1vPWOh_03tRZfJI
2021-08-31 16:58:16.661 [,] [http-nio-80-exec-1] INFO  c.q.c.WxUserController - [wxLogin,67] - UserController/wxLogin, 登陆/注册成功返回peopleid
2021-08-31 16:58:18.242 [,] [http-nio-80-exec-2] INFO  c.q.s.ReportService - [getSummryReport,56] - ReportService/getSummryReport, 获取健康报告成功{"data":[{"month":[{"imgurl":"/static/imgs/reports/riqi11.png","description":"11月报告，良好","title":"11月报告","analysis":{"HealthIndex":8.0},"m":11},{"imgurl":"/static/imgs/reports/riqi12.png","description":"12月报告，良好","title":"12月报告","analysis":{"HealthIndex":8.2},"m":12}],"year":"2020"},{"month":[{"imgurl":"/static/imgs/reports/riqi1.png","description":"01月报告，良好","title":"01月报告","analysis":{"HealthIndex":7.9},"m":1},{"imgurl":"/static/imgs/reports/riqi2.png","description":"02月报告，良好","title":"02月报告","analysis":{"HealthIndex":7.9},"m":2}],"year":"2021"}]}
2021-08-31 16:58:18.244 [,] [http-nio-80-exec-2] INFO  c.q.c.ReportController - [getReport,34] - ReportController/getReport, 报告获取成功
2021-08-31 16:58:20.511 [,] [http-nio-80-exec-3] INFO  c.q.s.ReportService - [getYearReport,88] - ReportService/getYearReport, 获取年度健康报告成功{"data":[{"month":[{"imgurl":"/static/imgs/reports/riqi1.png","description":"01月报告，良好","title":"01月报告","analysis":{"HealthIndex":7.9},"m":1},{"imgurl":"/static/imgs/reports/riqi2.png","description":"02月报告，良好","title":"02月报告","analysis":{"HealthIndex":7.9},"m":2},{"imgurl":"/static/imgs/reports/riqi3.png","description":"03月报告，良好","title":"03月报告","analysis":{"HealthIndex":7.9},"m":3},{"imgurl":"/static/imgs/reports/riqi4.png","description":"04月报告，良好","title":"04月报告","analysis":{"HealthIndex":7.9},"m":4},{"imgurl":"/static/imgs/reports/riqi5.png","description":"05月报告，良好","title":"05月报告","analysis":{"HealthIndex":7.9},"m":5},{"imgurl":"/static/imgs/reports/riqi6.png","description":"06月报告，良好","title":"06月报告","analysis":{"HealthIndex":7.9},"m":6},{"imgurl":"/static/imgs/reports/riqi7.png","description":"07月报告，良好","title":"07月报告","analysis":{"HealthIndex":7.9},"m":7},{"imgurl":"/static/imgs/reports/riqi8.png","description":"08月报告，良好","title":"08月报告","analysis":{"HealthIndex":8.3},"m":8}],"year":"2021"}]}
2021-08-31 16:58:20.513 [,] [http-nio-80-exec-3] INFO  c.q.c.ReportController - [getYearReport,53] - ReportController/getYearReport, 报告获取成功
2021-08-31 16:58:22.247 [,] [http-nio-80-exec-4] INFO  c.q.s.ReportService - [getMonthReport,124] - ReportService/getMonthReport, 获取详细月健康报告成功{"data":[{"month":[{"imgurl":"/static/imgs/reports/riqi8.png","dayLists":[{"d":1,"healthIndex":9,"id":1,"imgurl":"/static/imgs/reports/riqi1.png","m":8,"pepoleId":1,"used":true,"y":2021},{"d":2,"healthIndex":9,"id":2,"imgurl":"/static/imgs/reports/riqi2.png","m":8,"pepoleId":1,"used":true,"y":2021},{"d":3,"healthIndex":9,"id":3,"imgurl":"/static/imgs/reports/riqi3.png","m":8,"pepoleId":1,"used":true,"y":2021},{"d":4,"healthIndex":7,"id":4,"imgurl":"/static/imgs/reports/riqi4.png","m":8,"pepoleId":1,"used":false,"y":2021},{"d":5,"healthIndex":9,"id":5,"imgurl":"/static/imgs/reports/riqi5.png","m":8,"pepoleId":1,"used":true,"y":2021},{"d":6,"healthIndex":8,"id":6,"imgurl":"/static/imgs/reports/riqi6.png","m":8,"pepoleId":1,"used":true,"y":2021},{"d":7,"healthIndex":9,"id":7,"imgurl":"/static/imgs/reports/riqi7.png","m":8,"pepoleId":1,"used":false,"y":2021},{"d":8,"healthIndex":9,"id":8,"imgurl":"/static/imgs/reports/riqi8.png","m":8,"pepoleId":1,"used":true,"y":2021},{"d":9,"healthIndex":9,"id":9,"imgurl":"/static/imgs/reports/riqi9.png","m":8,"pepoleId":1,"used":true,"y":2021},{"d":10,"healthIndex":9,"id":10,"imgurl":"/static/imgs/reports/riqi10.png","m":8,"pepoleId":1,"used":false,"y":2021},{"d":11,"healthIndex":9,"id":11,"imgurl":"/static/imgs/reports/riqi11.png","m":8,"pepoleId":1,"used":true,"y":2021},{"d":12,"healthIndex":9,"id":12,"imgurl":"/static/imgs/reports/riqi12.png","m":8,"pepoleId":1,"used":true,"y":2021},{"d":13,"healthIndex":9,"id":13,"imgurl":"/static/imgs/reports/riqi13.png","m":8,"pepoleId":1,"used":true,"y":2021},{"d":14,"healthIndex":9,"id":14,"imgurl":"/static/imgs/reports/riqi14.png","m":8,"pepoleId":1,"used":true,"y":2021},{"d":15,"healthIndex":10,"id":15,"imgurl":"/static/imgs/reports/riqi15.png","m":8,"pepoleId":1,"used":true,"y":2021},{"d":16,"healthIndex":9,"id":16,"imgurl":"/static/imgs/reports/riqi16.png","m":8,"pepoleId":1,"used":false,"y":2021}],"description":"08月报告，良好","title":"08月报告","analysis":{"HealthIndex":8.3},"m":8}],"year":"2021"}]}
2021-08-31 16:58:22.249 [,] [http-nio-80-exec-4] INFO  c.q.c.ReportController - [getMonthReport,72] - ReportController/getMonthReport, 报告获取成功
2021-08-31 16:58:24.139 [,] [http-nio-80-exec-5] INFO  c.q.s.ReportService - [getDayReport,167] - ReportService/getDayReport, 获取详细日健康报告成功{"data":[{"month":[{"dayLists":[{"d":15,"fileReportLists":[{"avgBeat":72,"d":15,"endTime":"2021-08-15 09:30:00","id":1,"m":8,"pepoleId":1,"startTime":"2021-08-15 09:00:00","y":2021},{"avgBeat":75,"d":15,"endTime":"2021-08-15 13:00:00","id":2,"m":8,"pepoleId":1,"startTime":"2021-08-15 12:30:00","y":2021},{"avgBeat":73,"d":15,"endTime":"2021-08-15 18:30:00","id":3,"m":8,"pepoleId":1,"startTime":"2021-08-15 18:00:00","y":2021}],"healthIndex":10,"id":15,"imgurl":"/static/imgs/reports/riqi15.png","m":8,"pepoleId":1,"used":true,"y":2021}],"analysis":{"HealthIndex":0.0},"m":0}],"year":"2021"}]}
2021-08-31 16:58:24.141 [,] [http-nio-80-exec-5] INFO  c.q.c.ReportController - [getDayReport,91] - ReportController/getDayReport, 报告获取成功
2021-08-31 17:35:15.057 [,] [main] INFO  c.qian.HeartDataApp - [logStarting,48] - Starting HeartDataApp v0.0.1-SNAPSHOT on 192.168.0.100 with PID 21969 (/Users/qianhao/Jason/Software/Git/HeartData/test/HeartData-reportAndDatatransport-v0.1.jar started by qianhao in /Users/qianhao)
2021-08-31 17:35:15.063 [,] [main] INFO  c.qian.HeartDataApp - [logStartupProfileInfo,637] - No active profile set, falling back to default profiles: default
2021-08-31 17:35:15.516 [,] [background-preinit] INFO  o.h.v.i.util.Version - [<clinit>,30] - HV000001: Hibernate Validator 5.3.4.Final
2021-08-31 17:35:16.691 [,] [main] INFO  o.a.c.c.StandardService - [log,179] - Starting service Tomcat
2021-08-31 17:35:16.693 [,] [main] INFO  o.a.c.c.StandardEngine - [log,179] - Starting Servlet Engine: Apache Tomcat/8.5.11
2021-08-31 17:35:16.789 [,] [localhost-startStop-1] INFO  o.a.c.c.C.[.[.[/] - [log,179] - Initializing Spring embedded WebApplicationContext
2021-08-31 17:35:18.183 [,] [main] INFO  o.a.c.h.Http11NioProtocol - [log,179] - Initializing ProtocolHandler ["http-nio-80"]
2021-08-31 17:35:18.282 [,] [main] INFO  o.a.c.h.Http11NioProtocol - [log,179] - Starting ProtocolHandler [http-nio-80]
2021-08-31 17:35:18.303 [,] [main] INFO  o.a.t.u.n.NioSelectorPool - [log,179] - Using a shared selector for servlet write/read
2021-08-31 17:35:18.328 [,] [main] INFO  c.qian.HeartDataApp - [logStarted,57] - Started HeartDataApp in 3.678 seconds (JVM running for 4.264)
2021-08-31 17:35:23.012 [,] [http-nio-80-exec-1] INFO  o.a.c.c.C.[.[.[/] - [log,179] - Initializing Spring FrameworkServlet 'dispatcherServlet'
2021-08-31 17:35:23.768 [,] [http-nio-80-exec-1] INFO  c.q.c.WxUserController - [wxLogin,43] - UserController/wxLogin, 微信用户接口返回openid：otqoY47Fx98BL1vPWOh_03tRZfJI
2021-08-31 17:35:24.182 [,] [http-nio-80-exec-1] INFO  c.q.c.WxUserController - [wxLogin,67] - UserController/wxLogin, 登陆/注册成功返回peopleid
2021-08-31 17:38:12.216 [,] [http-nio-80-exec-3] INFO  c.q.c.WxUserController - [wxLogin,43] - UserController/wxLogin, 微信用户接口返回openid：otqoY47Fx98BL1vPWOh_03tRZfJI
2021-08-31 17:38:12.224 [,] [http-nio-80-exec-3] INFO  c.q.c.WxUserController - [wxLogin,67] - UserController/wxLogin, 登陆/注册成功返回peopleid
2021-08-31 17:48:08.617 [,] [http-nio-80-exec-5] INFO  c.q.c.WxUserController - [wxLogin,43] - UserController/wxLogin, 微信用户接口返回openid：otqoY47Fx98BL1vPWOh_03tRZfJI
2021-08-31 17:48:08.622 [,] [http-nio-80-exec-5] INFO  c.q.c.WxUserController - [wxLogin,67] - UserController/wxLogin, 登陆/注册成功返回peopleid
2021-08-31 17:49:02.632 [,] [http-nio-80-exec-6] INFO  c.q.c.WxUserController - [wxLogin,43] - UserController/wxLogin, 微信用户接口返回openid：otqoY47Fx98BL1vPWOh_03tRZfJI
2021-08-31 17:49:02.634 [,] [http-nio-80-exec-6] INFO  c.q.c.WxUserController - [wxLogin,67] - UserController/wxLogin, 登陆/注册成功返回peopleid
2021-08-31 17:50:09.972 [,] [http-nio-80-exec-8] INFO  c.q.c.WxUserController - [wxLogin,43] - UserController/wxLogin, 微信用户接口返回openid：otqoY47Fx98BL1vPWOh_03tRZfJI
2021-08-31 17:50:09.977 [,] [http-nio-80-exec-8] INFO  c.q.c.WxUserController - [wxLogin,67] - UserController/wxLogin, 登陆/注册成功返回peopleid
2021-08-31 17:50:49.157 [,] [http-nio-80-exec-9] INFO  c.q.c.WxUserController - [wxLogin,43] - UserController/wxLogin, 微信用户接口返回openid：otqoY47Fx98BL1vPWOh_03tRZfJI
2021-08-31 17:50:49.162 [,] [http-nio-80-exec-9] INFO  c.q.c.WxUserController - [wxLogin,67] - UserController/wxLogin, 登陆/注册成功返回peopleid
2021-08-31 17:58:34.926 [,] [http-nio-80-exec-1] INFO  c.q.c.WxUserController - [wxLogin,43] - UserController/wxLogin, 微信用户接口返回openid：otqoY47Fx98BL1vPWOh_03tRZfJI
2021-08-31 17:58:34.932 [,] [http-nio-80-exec-1] INFO  c.q.c.WxUserController - [wxLogin,67] - UserController/wxLogin, 登陆/注册成功返回peopleid
2021-08-31 18:07:19.312 [,] [http-nio-80-exec-3] INFO  c.q.c.WxUserController - [wxLogin,43] - UserController/wxLogin, 微信用户接口返回openid：otqoY47Fx98BL1vPWOh_03tRZfJI
2021-08-31 18:07:19.319 [,] [http-nio-80-exec-3] INFO  c.q.c.WxUserController - [wxLogin,67] - UserController/wxLogin, 登陆/注册成功返回peopleid
2021-08-31 18:07:36.942 [,] [http-nio-80-exec-4] INFO  c.q.c.WxUserController - [wxLogin,43] - UserController/wxLogin, 微信用户接口返回openid：otqoY47Fx98BL1vPWOh_03tRZfJI
2021-08-31 18:07:36.949 [,] [http-nio-80-exec-4] INFO  c.q.c.WxUserController - [wxLogin,67] - UserController/wxLogin, 登陆/注册成功返回peopleid
2021-08-31 18:22:44.805 [,] [http-nio-80-exec-7] INFO  c.q.c.WxUserController - [wxLogin,43] - UserController/wxLogin, 微信用户接口返回openid：otqoY47Fx98BL1vPWOh_03tRZfJI
2021-08-31 18:22:44.812 [,] [http-nio-80-exec-7] INFO  c.q.c.WxUserController - [wxLogin,67] - UserController/wxLogin, 登陆/注册成功返回peopleid
2021-08-31 18:26:33.452 [,] [http-nio-80-exec-9] INFO  c.q.c.WxUserController - [wxLogin,43] - UserController/wxLogin, 微信用户接口返回openid：otqoY47Fx98BL1vPWOh_03tRZfJI
2021-08-31 18:26:33.455 [,] [http-nio-80-exec-9] INFO  c.q.c.WxUserController - [wxLogin,67] - UserController/wxLogin, 登陆/注册成功返回peopleid
2021-08-31 18:27:10.105 [,] [http-nio-80-exec-10] INFO  c.q.c.WxUserController - [wxLogin,43] - UserController/wxLogin, 微信用户接口返回openid：otqoY47Fx98BL1vPWOh_03tRZfJI
2021-08-31 18:27:10.109 [,] [http-nio-80-exec-10] INFO  c.q.c.WxUserController - [wxLogin,67] - UserController/wxLogin, 登陆/注册成功返回peopleid
2021-08-31 18:28:52.228 [,] [http-nio-80-exec-3] INFO  c.q.c.WxUserController - [wxLogin,43] - UserController/wxLogin, 微信用户接口返回openid：otqoY47Fx98BL1vPWOh_03tRZfJI
2021-08-31 18:28:52.232 [,] [http-nio-80-exec-3] INFO  c.q.c.WxUserController - [wxLogin,67] - UserController/wxLogin, 登陆/注册成功返回peopleid
2021-08-31 18:31:48.811 [,] [http-nio-80-exec-5] INFO  c.q.c.WxUserController - [wxLogin,43] - UserController/wxLogin, 微信用户接口返回openid：otqoY47Fx98BL1vPWOh_03tRZfJI
2021-08-31 18:31:48.816 [,] [http-nio-80-exec-5] INFO  c.q.c.WxUserController - [wxLogin,67] - UserController/wxLogin, 登陆/注册成功返回peopleid
2021-08-31 18:34:14.201 [,] [http-nio-80-exec-7] INFO  c.q.c.WxUserController - [wxLogin,43] - UserController/wxLogin, 微信用户接口返回openid：otqoY47Fx98BL1vPWOh_03tRZfJI
2021-08-31 18:34:14.206 [,] [http-nio-80-exec-7] INFO  c.q.c.WxUserController - [wxLogin,67] - UserController/wxLogin, 登陆/注册成功返回peopleid
2021-08-31 18:35:18.588 [,] [http-nio-80-exec-9] INFO  c.q.c.WxUserController - [wxLogin,43] - UserController/wxLogin, 微信用户接口返回openid：otqoY47Fx98BL1vPWOh_03tRZfJI
2021-08-31 18:35:18.595 [,] [http-nio-80-exec-9] INFO  c.q.c.WxUserController - [wxLogin,67] - UserController/wxLogin, 登陆/注册成功返回peopleid
2021-08-31 18:36:49.075 [,] [http-nio-80-exec-1] INFO  c.q.c.WxUserController - [wxLogin,43] - UserController/wxLogin, 微信用户接口返回openid：otqoY47Fx98BL1vPWOh_03tRZfJI
2021-08-31 18:36:49.080 [,] [http-nio-80-exec-1] INFO  c.q.c.WxUserController - [wxLogin,67] - UserController/wxLogin, 登陆/注册成功返回peopleid
2021-08-31 18:38:05.830 [,] [http-nio-80-exec-3] INFO  c.q.c.WxUserController - [wxLogin,43] - UserController/wxLogin, 微信用户接口返回openid：otqoY47Fx98BL1vPWOh_03tRZfJI
2021-08-31 18:38:05.832 [,] [http-nio-80-exec-3] INFO  c.q.c.WxUserController - [wxLogin,67] - UserController/wxLogin, 登陆/注册成功返回peopleid
2021-08-31 18:39:14.111 [,] [http-nio-80-exec-5] INFO  c.q.c.WxUserController - [wxLogin,43] - UserController/wxLogin, 微信用户接口返回openid：otqoY47Fx98BL1vPWOh_03tRZfJI
2021-08-31 18:39:14.115 [,] [http-nio-80-exec-5] INFO  c.q.c.WxUserController - [wxLogin,67] - UserController/wxLogin, 登陆/注册成功返回peopleid
2021-08-31 18:40:00.828 [,] [http-nio-80-exec-6] INFO  c.q.c.WxUserController - [wxLogin,43] - UserController/wxLogin, 微信用户接口返回openid：otqoY47Fx98BL1vPWOh_03tRZfJI
2021-08-31 18:40:00.833 [,] [http-nio-80-exec-6] INFO  c.q.c.WxUserController - [wxLogin,67] - UserController/wxLogin, 登陆/注册成功返回peopleid
2021-08-31 18:41:03.393 [,] [http-nio-80-exec-8] INFO  c.q.c.WxUserController - [wxLogin,43] - UserController/wxLogin, 微信用户接口返回openid：otqoY47Fx98BL1vPWOh_03tRZfJI
2021-08-31 18:41:03.398 [,] [http-nio-80-exec-8] INFO  c.q.c.WxUserController - [wxLogin,67] - UserController/wxLogin, 登陆/注册成功返回peopleid
2021-08-31 18:41:59.008 [,] [http-nio-80-exec-9] INFO  c.q.c.WxUserController - [wxLogin,43] - UserController/wxLogin, 微信用户接口返回openid：otqoY47Fx98BL1vPWOh_03tRZfJI
2021-08-31 18:41:59.010 [,] [http-nio-80-exec-9] INFO  c.q.c.WxUserController - [wxLogin,67] - UserController/wxLogin, 登陆/注册成功返回peopleid
2021-08-31 18:42:24.206 [,] [http-nio-80-exec-10] INFO  c.q.c.WxUserController - [wxLogin,43] - UserController/wxLogin, 微信用户接口返回openid：otqoY47Fx98BL1vPWOh_03tRZfJI
2021-08-31 18:42:24.211 [,] [http-nio-80-exec-10] INFO  c.q.c.WxUserController - [wxLogin,67] - UserController/wxLogin, 登陆/注册成功返回peopleid
2021-08-31 18:43:06.353 [,] [http-nio-80-exec-1] INFO  c.q.c.WxUserController - [wxLogin,43] - UserController/wxLogin, 微信用户接口返回openid：otqoY47Fx98BL1vPWOh_03tRZfJI
2021-08-31 18:43:06.358 [,] [http-nio-80-exec-1] INFO  c.q.c.WxUserController - [wxLogin,67] - UserController/wxLogin, 登陆/注册成功返回peopleid
2021-08-31 18:47:45.918 [,] [http-nio-80-exec-3] INFO  c.q.c.WxUserController - [wxLogin,43] - UserController/wxLogin, 微信用户接口返回openid：otqoY47Fx98BL1vPWOh_03tRZfJI
2021-08-31 18:47:45.923 [,] [http-nio-80-exec-3] INFO  c.q.c.WxUserController - [wxLogin,67] - UserController/wxLogin, 登陆/注册成功返回peopleid
2021-08-31 18:49:28.623 [,] [http-nio-80-exec-5] INFO  c.q.c.WxUserController - [wxLogin,43] - UserController/wxLogin, 微信用户接口返回openid：otqoY47Fx98BL1vPWOh_03tRZfJI
2021-08-31 18:49:28.627 [,] [http-nio-80-exec-5] INFO  c.q.c.WxUserController - [wxLogin,67] - UserController/wxLogin, 登陆/注册成功返回peopleid
2021-08-31 18:50:11.443 [,] [http-nio-80-exec-6] INFO  c.q.c.WxUserController - [wxLogin,43] - UserController/wxLogin, 微信用户接口返回openid：otqoY47Fx98BL1vPWOh_03tRZfJI
2021-08-31 18:50:11.448 [,] [http-nio-80-exec-6] INFO  c.q.c.WxUserController - [wxLogin,67] - UserController/wxLogin, 登陆/注册成功返回peopleid
2021-08-31 18:50:11.681 [,] [http-nio-80-exec-7] INFO  c.q.c.WxUserController - [wxLogin,43] - UserController/wxLogin, 微信用户接口返回openid：otqoY47Fx98BL1vPWOh_03tRZfJI
2021-08-31 18:50:11.685 [,] [http-nio-80-exec-7] INFO  c.q.c.WxUserController - [wxLogin,67] - UserController/wxLogin, 登陆/注册成功返回peopleid
2021-08-31 18:53:18.958 [,] [http-nio-80-exec-10] INFO  c.q.c.WxUserController - [wxLogin,43] - UserController/wxLogin, 微信用户接口返回openid：otqoY47Fx98BL1vPWOh_03tRZfJI
2021-08-31 18:53:18.961 [,] [http-nio-80-exec-10] INFO  c.q.c.WxUserController - [wxLogin,67] - UserController/wxLogin, 登陆/注册成功返回peopleid
2021-08-31 18:54:00.245 [,] [http-nio-80-exec-1] INFO  c.q.c.WxUserController - [wxLogin,43] - UserController/wxLogin, 微信用户接口返回openid：otqoY47Fx98BL1vPWOh_03tRZfJI
2021-08-31 18:54:00.250 [,] [http-nio-80-exec-1] INFO  c.q.c.WxUserController - [wxLogin,67] - UserController/wxLogin, 登陆/注册成功返回peopleid
2021-08-31 18:54:37.868 [,] [http-nio-80-exec-2] INFO  c.q.c.WxUserController - [wxLogin,43] - UserController/wxLogin, 微信用户接口返回openid：otqoY47Fx98BL1vPWOh_03tRZfJI
2021-08-31 18:54:37.872 [,] [http-nio-80-exec-2] INFO  c.q.c.WxUserController - [wxLogin,67] - UserController/wxLogin, 登陆/注册成功返回peopleid
2021-08-31 18:55:37.402 [,] [http-nio-80-exec-3] INFO  c.q.c.WxUserController - [wxLogin,43] - UserController/wxLogin, 微信用户接口返回openid：otqoY47Fx98BL1vPWOh_03tRZfJI
2021-08-31 18:55:37.407 [,] [http-nio-80-exec-3] INFO  c.q.c.WxUserController - [wxLogin,67] - UserController/wxLogin, 登陆/注册成功返回peopleid
